{"logTime": "0210/133502", "correlationVector":"Hgr4+08co5LlLBQiZlUrgQ.17","action":"GetUpdates", "result":"DeleteReceived", "context":{"id":"b731c917-db72-4d29-a475-398cf40a1d51", "isDeleted:":"true", "version":"1739136911342"}}
{"logTime": "0210/133502", "correlationVector":"Hgr4+08co5LlLBQiZlUrgQ.18","action":"GetUpdates", "result":"DeleteReceived", "context":{"id":"cf74c51a-3e02-450c-a0f8-dc03fccf498f", "isDeleted:":"true", "version":"1739138151669"}}
{"logTime": "0210/133502", "correlationVector":"Hgr4+08co5LlLBQiZlUrgQ.19","action":"GetUpdates", "result":"DeleteReceived", "context":{"id":"ff2fbeaf-2d16-40a8-bad9-c0176c5d0377", "isDeleted:":"true", "version":"1739138309689"}}
{"logTime": "0210/133502", "correlationVector":"Hgr4+08co5LlLBQiZlUrgQ.20","action":"GetUpdates", "result":"DeleteReceived", "context":{"id":"190c134e-7aea-4c2a-ad30-d4b3ff0ddc92", "isDeleted:":"true", "version":"1739140147046"}}
{"logTime": "0210/133502", "correlationVector":"Hgr4+08co5LlLBQiZlUrgQ.21","action":"GetUpdates", "result":"DeleteReceived", "context":{"id":"42b1bcaf-5cab-4524-be8a-145ee430811d", "isDeleted:":"true", "version":"1739140147048"}}
{"logTime": "0210/133502", "correlationVector":"Hgr4+08co5LlLBQiZlUrgQ.22","action":"GetUpdates", "result":"DeleteReceived", "context":{"id":"d3349d41-d85f-4d2d-ab14-d4a8ece5e525", "isDeleted:":"true", "version":"1739140363622"}}
{"logTime": "0210/133502", "correlationVector":"Hgr4+08co5LlLBQiZlUrgQ.23","action":"GetUpdates", "result":"DeleteReceived", "context":{"id":"ee45d19f-5fdb-49cc-a48d-18b7a19c3b1b", "isDeleted:":"true", "version":"1739140483158"}}
{"logTime": "0210/133502", "correlationVector":"Hgr4+08co5LlLBQiZlUrgQ.24","action":"GetUpdates", "result":"DeleteReceived", "context":{"id":"1f982d1c-de28-4917-af73-777178dd3a95", "isDeleted:":"true", "version":"1739140558774"}}
{"logTime": "0210/133502", "correlationVector":"Hgr4+08co5LlLBQiZlUrgQ.25","action":"GetUpdates", "result":"DeleteReceived", "context":{"id":"efe2280f-5d62-48cd-830e-1c960b542820", "isDeleted:":"true", "version":"1739140558775"}}
{"logTime": "0210/133502", "correlationVector":"Hgr4+08co5LlLBQiZlUrgQ.26","action":"GetUpdates", "result":"DeleteReceived", "context":{"id":"1036db56-f587-4068-bf61-819e4b54f803", "isDeleted:":"true", "version":"1739140558776"}}
{"logTime": "0210/133502", "correlationVector":"Hgr4+08co5LlLBQiZlUrgQ.27","action":"GetUpdates", "result":"DeleteReceived", "context":{"id":"d00bb752-48a6-4187-babb-3f5c28bc7141", "isDeleted:":"true", "version":"1739141824903"}}
{"logTime": "0210/133502", "correlationVector":"Hgr4+08co5LlLBQiZlUrgQ.28","action":"GetUpdates", "result":"DeleteReceived", "context":{"id":"ed0e7aa8-8fae-491a-a368-c60c8185ac1c", "isDeleted:":"true", "version":"1739143581993"}}
{"logTime": "0210/133502", "correlationVector":"Hgr4+08co5LlLBQiZlUrgQ.29","action":"GetUpdates", "result":"DeleteReceived", "context":{"id":"ef1aa6b9-fe71-40f8-a301-cadf40469b30", "isDeleted:":"true", "version":"1739143680997"}}
{"logTime": "0210/133502", "correlationVector":"Hgr4+08co5LlLBQiZlUrgQ.30","action":"GetUpdates", "result":"DeleteReceived", "context":{"id":"b858e60d-327e-4c35-baa2-9a6333d4eff4", "isDeleted:":"true", "version":"1739144050648"}}
{"logTime": "0210/133502", "correlationVector":"Hgr4+08co5LlLBQiZlUrgQ.31","action":"GetUpdates", "result":"DeleteReceived", "context":{"id":"67ef4342-62d3-4fb1-b787-5bbd22a13a01", "isDeleted:":"true", "version":"1739144240641"}}
{"logTime": "0210/133502", "correlationVector":"Hgr4+08co5LlLBQiZlUrgQ.32","action":"GetUpdates", "result":"DeleteReceived", "context":{"id":"84bd2546-8ac6-4827-bf75-fe5ef5066f4c", "isDeleted:":"true", "version":"1739144555905"}}
{"logTime": "0210/133502", "correlationVector":"Hgr4+08co5LlLBQiZlUrgQ.33","action":"GetUpdates", "result":"DeleteReceived", "context":{"id":"48654444-138c-46f0-935a-e8ad7be3789e", "isDeleted:":"true", "version":"1739144941103"}}
{"logTime": "0210/133502", "correlationVector":"Hgr4+08co5LlLBQiZlUrgQ.34","action":"GetUpdates", "result":"DeleteReceived", "context":{"id":"ed897930-e285-4771-b39a-10f081c010e7", "isDeleted:":"true", "version":"1739144995159"}}
{"logTime": "0210/133502", "correlationVector":"Hgr4+08co5LlLBQiZlUrgQ.35","action":"GetUpdates", "result":"DeleteReceived", "context":{"id":"e815dde5-a74a-49bc-a776-62f0668f798e", "isDeleted:":"true", "version":"1739145100707"}}
{"logTime": "0210/133502", "correlationVector":"Hgr4+08co5LlLBQiZlUrgQ.36","action":"GetUpdates", "result":"DeleteReceived", "context":{"id":"2bd635ba-018e-4116-afdd-a771528108cc", "isDeleted:":"true", "version":"1739145100708"}}
{"logTime": "0210/133502", "correlationVector":"Hgr4+08co5LlLBQiZlUrgQ.37","action":"GetUpdates", "result":"DeleteReceived", "context":{"id":"6d00c410-6fc3-4bef-a446-7c093ecb9aec", "isDeleted:":"true", "version":"1739145201565"}}
{"logTime": "0210/133502", "correlationVector":"Hgr4+08co5LlLBQiZlUrgQ.38","action":"GetUpdates", "result":"DeleteReceived", "context":{"id":"7c00bc62-35c6-4446-9453-2596d5cce6f0", "isDeleted:":"true", "version":"1739145201566"}}
{"logTime": "0210/133502", "correlationVector":"Hgr4+08co5LlLBQiZlUrgQ.39","action":"GetUpdates", "result":"DeleteReceived", "context":{"id":"ab31a28d-0425-4667-92e7-3456d09c8f97", "isDeleted:":"true", "version":"1739145281935"}}
{"logTime": "0210/133502", "correlationVector":"Hgr4+08co5LlLBQiZlUrgQ.40","action":"GetUpdates", "result":"DeleteReceived", "context":{"id":"bd499d10-daba-42da-a401-c4af6316a88e", "isDeleted:":"true", "version":"1739149681341"}}
{"logTime": "0210/133502", "correlationVector":"Hgr4+08co5LlLBQiZlUrgQ.41","action":"GetUpdates", "result":"DeleteReceived", "context":{"id":"25fe9c7c-df2d-49e1-8f30-7ffed3647420", "isDeleted:":"true", "version":"1739152051480"}}
{"logTime": "0210/133502", "correlationVector":"Hgr4+08co5LlLBQiZlUrgQ.42","action":"GetUpdates", "result":"DeleteReceived", "context":{"id":"d5a19533-3f12-49ca-abfe-1fa0335220cb", "isDeleted:":"true", "version":"1739154351962"}}
{"logTime": "0210/133502", "correlationVector":"Hgr4+08co5LlLBQiZlUrgQ.43","action":"GetUpdates", "result":"DeleteReceived", "context":{"id":"fd54f41e-b6c9-481a-8636-1a7a5aa98557", "isDeleted:":"true", "version":"1739154609679"}}
{"logTime": "0210/133502", "correlationVector":"Hgr4+08co5LlLBQiZlUrgQ.44","action":"GetUpdates", "result":"DeleteReceived", "context":{"id":"f35c351c-438f-4aef-941b-4f6649300ec3", "isDeleted:":"true", "version":"1739158872646"}}
{"logTime": "0210/133502", "correlationVector":"Hgr4+08co5LlLBQiZlUrgQ.45","action":"GetUpdates", "result":"DeleteReceived", "context":{"id":"684aa4c5-b79f-4ee0-9a74-323a45b73e67", "isDeleted:":"true", "version":"1739159791104"}}
{"logTime": "0210/133502", "correlationVector":"Hgr4+08co5LlLBQiZlUrgQ.46","action":"GetUpdates", "result":"DeleteReceived", "context":{"id":"f692c81a-831c-42d9-956f-222075a7a321", "isDeleted:":"true", "version":"1739160792382"}}
{"logTime": "0210/133502", "correlationVector":"Hgr4+08co5LlLBQiZlUrgQ.47","action":"GetUpdates", "result":"DeleteReceived", "context":{"id":"fde1a2c5-f051-41e2-beb5-3cb6a256fbe9", "isDeleted:":"true", "version":"1739161045067"}}
{"logTime": "0210/133502", "correlationVector":"Hgr4+08co5LlLBQiZlUrgQ.48","action":"GetUpdates", "result":"DeleteReceived", "context":{"id":"5ac32582-e6ca-4179-b6b7-7b9c9217c4f6", "isDeleted:":"true", "version":"1739161045068"}}
{"logTime": "0210/133502", "correlationVector":"Hgr4+08co5LlLBQiZlUrgQ.49","action":"GetUpdates", "result":"DeleteReceived", "context":{"id":"eda11430-a177-4877-8b24-da220903d65b", "isDeleted:":"true", "version":"1739162861454"}}
{"logTime": "0210/133502", "correlationVector":"Hgr4+08co5LlLBQiZlUrgQ.50","action":"GetUpdates", "result":"DeleteReceived", "context":{"id":"97aa1c35-0d02-4a46-a16e-142a233871d7", "isDeleted:":"true", "version":"1739185713216"}}
{"logTime": "0210/133502", "correlationVector":"Hgr4+08co5LlLBQiZlUrgQ.51","action":"GetUpdates", "result":"DeleteReceived", "context":{"id":"ee8b0d3d-f944-4cfb-b0e8-0c2e60af670e", "isDeleted:":"true", "version":"1739185768428"}}
{"logTime": "0210/133502", "correlationVector":"Hgr4+08co5LlLBQiZlUrgQ.52","action":"GetUpdates", "result":"DeleteReceived", "context":{"id":"53becc5d-b567-479e-a23c-92520d94431c", "isDeleted:":"true", "version":"1739185889451"}}
{"logTime": "0210/133502", "correlationVector":"Hgr4+08co5LlLBQiZlUrgQ.53","action":"GetUpdates", "result":"DeleteReceived", "context":{"id":"cbcb772b-1355-4b62-9eb8-ab91ddb9a0d5", "isDeleted:":"true", "version":"1739185892512"}}
{"logTime": "0210/133502", "correlationVector":"Hgr4+08co5LlLBQiZlUrgQ.54","action":"GetUpdates", "result":"DeleteReceived", "context":{"id":"0dc80767-a58d-42c4-a89d-8a6350e6a504", "isDeleted:":"true", "version":"1739186062091"}}
{"logTime": "0210/133502", "correlationVector":"Hgr4+08co5LlLBQiZlUrgQ.55","action":"GetUpdates", "result":"DeleteReceived", "context":{"id":"dc0efb93-d159-400e-9a7d-3e9faca83035", "isDeleted:":"true", "version":"1739186624364"}}
{"logTime": "0210/133502", "correlationVector":"Hgr4+08co5LlLBQiZlUrgQ.56","action":"GetUpdates", "result":"DeleteReceived", "context":{"id":"cf997524-e7b7-4dee-bc25-06ab708fe514", "isDeleted:":"true", "version":"1739186624367"}}
{"logTime": "0210/133502", "correlationVector":"Hgr4+08co5LlLBQiZlUrgQ.57","action":"GetUpdates", "result":"DeleteReceived", "context":{"id":"a58fd252-45df-4b91-9042-f45634c5d729", "isDeleted:":"true", "version":"1739188128735"}}
{"logTime": "0210/133502", "correlationVector":"Hgr4+08co5LlLBQiZlUrgQ.58","action":"GetUpdates", "result":"DeleteReceived", "context":{"id":"6e3e08a2-122c-4cae-8247-f442d646fb99", "isDeleted:":"true", "version":"1739188194365"}}
{"logTime": "0210/133502", "correlationVector":"Hgr4+08co5LlLBQiZlUrgQ.59","action":"GetUpdates", "result":"DeleteReceived", "context":{"id":"f7f31691-882d-49c2-8260-d6449cab6e25", "isDeleted:":"true", "version":"1739189233114"}}
{"logTime": "0210/133502", "correlationVector":"Hgr4+08co5LlLBQiZlUrgQ.60","action":"GetUpdates", "result":"DeleteReceived", "context":{"id":"b75c64f6-db43-4358-95b4-003fe37ed7b7", "isDeleted:":"true", "version":"1739189504850"}}
{"logTime": "0210/133502", "correlationVector":"Hgr4+08co5LlLBQiZlUrgQ.61","action":"GetUpdates", "result":"DeleteReceived", "context":{"id":"9296091e-e99f-4ce2-a76a-ff7fb3b9e7f1", "isDeleted:":"true", "version":"1739189821254"}}
{"logTime": "0210/133502", "correlationVector":"Hgr4+08co5LlLBQiZlUrgQ.62","action":"GetUpdates", "result":"DeleteReceived", "context":{"id":"17f6abdc-1dbe-4158-9c2c-9007068e5eac", "isDeleted:":"true", "version":"1739189821256"}}
{"logTime": "0210/133502", "correlationVector":"Hgr4+08co5LlLBQiZlUrgQ.63","action":"GetUpdates", "result":"DeleteReceived", "context":{"id":"568b98b0-a617-43bc-83a0-b516961a2d39", "isDeleted:":"true", "version":"1739190692123"}}
{"logTime": "0210/133502", "correlationVector":"Hgr4+08co5LlLBQiZlUrgQ.64","action":"GetUpdates", "result":"DeleteReceived", "context":{"id":"040b12a0-5c2c-40d9-89f0-a77fe298b176", "isDeleted:":"true", "version":"1739190866259"}}
{"logTime": "0210/133502", "correlationVector":"Hgr4+08co5LlLBQiZlUrgQ.65","action":"GetUpdates", "result":"DeleteReceived", "context":{"id":"af3fb0e7-a0e1-487b-bed2-79173184dd6d", "isDeleted:":"true", "version":"1739191419372"}}
{"logTime": "0210/133502", "correlationVector":"Hgr4+08co5LlLBQiZlUrgQ.66","action":"GetUpdates", "result":"DeleteReceived", "context":{"id":"dd869e32-ee4f-4bd4-831f-4fec735ffea5", "isDeleted:":"true", "version":"1739191591265"}}
{"logTime": "0210/133502", "correlationVector":"Hgr4+08co5LlLBQiZlUrgQ.67","action":"GetUpdates", "result":"DeleteReceived", "context":{"id":"401ccead-0e91-465a-b624-be6c573cd72a", "isDeleted:":"true", "version":"1739191806817"}}
{"logTime": "0210/133502", "correlationVector":"Hgr4+08co5LlLBQiZlUrgQ.68","action":"GetUpdates", "result":"DeleteReceived", "context":{"id":"daf264b2-0391-4c1a-9198-d5a23a2148c6", "isDeleted:":"true", "version":"1739192006524"}}
{"logTime": "0210/133502", "correlationVector":"Hgr4+08co5LlLBQiZlUrgQ.69","action":"GetUpdates", "result":"DeleteReceived", "context":{"id":"72ec9ea3-5315-4e16-8498-fd3449bd89ca", "isDeleted:":"true", "version":"1739192289845"}}
{"logTime": "0210/133502", "correlationVector":"Hgr4+08co5LlLBQiZlUrgQ.70","action":"GetUpdates", "result":"DeleteReceived", "context":{"id":"1367bd0e-522a-4a4e-aabb-3af91c726d0e", "isDeleted:":"true", "version":"1739192289846"}}
{"logTime": "0210/133502", "correlationVector":"Hgr4+08co5LlLBQiZlUrgQ.71","action":"GetUpdates", "result":"DeleteReceived", "context":{"id":"85c1a8c6-bfe4-4692-83b4-27a83ce289c7", "isDeleted:":"true", "version":"1739192492620"}}
{"logTime": "0210/133502", "correlationVector":"Hgr4+08co5LlLBQiZlUrgQ.72","action":"GetUpdates", "result":"DeleteReceived", "context":{"id":"f02acf33-8094-48d1-bacd-787d2b0c8743", "isDeleted:":"true", "version":"1739193537733"}}
{"logTime": "0210/133502", "correlationVector":"Hgr4+08co5LlLBQiZlUrgQ.73","action":"GetUpdates Response", "result":"Success", "context":Received 87 update(s). cV=Hgr4+08co5LlLBQiZlUrgQ.0;server=akswtt00500001i;cloudType=Consumer;environment=Prod_westeurope_prod-s01-079-eur-westeurope;migrationStage=NotStarted}
{"logTime": "0210/133503", "correlationVector":"E28SF/xFgH1DfAb7OMN/7x","action":"Initial GetUpdates", "result":"", "context":Reason: NEWLY_SUPPORTED_DATATYPE. cV=E28SF/xFgH1DfAb7OMN/7x}
{"logTime": "0210/133503", "correlationVector":"E28SF/xFgH1DfAb7OMN/7x.1","action":"SyncServerConnectionManagerRequest", "result":"SYNC_SERVER_OK", "context":{"environment":"Prod_westeurope_prod-s01-079-eur-westeurope", "migrationStage":"NotStarted", "server":"akswtt00500003h"}}
{"logTime": "0210/133503", "correlationVector":"E28SF/xFgH1DfAb7OMN/7x.2","action":"GetUpdates Response", "result":"Success", "context":Received 250 update(s). cV=E28SF/xFgH1DfAb7OMN/7x.0;server=akswtt00500003h;cloudType=Consumer;environment=Prod_westeurope_prod-s01-079-eur-westeurope;migrationStage=NotStarted Some updates remain.}
{"logTime": "0210/133503", "correlationVector":"k2/H1u7ELcj6Zq9/41P+4u","action":"Initial GetUpdates", "result":"", "context":Reason: NEWLY_SUPPORTED_DATATYPE. cV=k2/H1u7ELcj6Zq9/41P+4u}
{"logTime": "0210/133504", "correlationVector":"k2/H1u7ELcj6Zq9/41P+4u.1","action":"SyncServerConnectionManagerRequest", "result":"SYNC_SERVER_OK", "context":{"environment":"Prod_westeurope_prod-s01-079-eur-westeurope", "migrationStage":"NotStarted", "server":"akswtt005000042"}}
{"logTime": "0210/133504", "correlationVector":"k2/H1u7ELcj6Zq9/41P+4u.2","action":"GetUpdates Response", "result":"Success", "context":Received 250 update(s). cV=k2/H1u7ELcj6Zq9/41P+4u.0;server=akswtt005000042;cloudType=Consumer;environment=Prod_westeurope_prod-s01-079-eur-westeurope;migrationStage=NotStarted Some updates remain.}
{"logTime": "0210/133504", "correlationVector":"sOiJgKk00DOz/J4kkw0aD2","action":"Initial GetUpdates", "result":"", "context":Reason: NEWLY_SUPPORTED_DATATYPE. cV=sOiJgKk00DOz/J4kkw0aD2}
{"logTime": "0210/133505", "correlationVector":"sOiJgKk00DOz/J4kkw0aD2.1","action":"SyncServerConnectionManagerRequest", "result":"SYNC_SERVER_OK", "context":{"environment":"Prod_westeurope_prod-s01-079-eur-westeurope", "migrationStage":"NotStarted", "server":"akswtt00500001i"}}
{"logTime": "0210/133505", "correlationVector":"sOiJgKk00DOz/J4kkw0aD2.2","action":"GetUpdates Response", "result":"Success", "context":Received 250 update(s). cV=sOiJgKk00DOz/J4kkw0aD2.0;server=akswtt00500001i;cloudType=Consumer;environment=Prod_westeurope_prod-s01-079-eur-westeurope;migrationStage=NotStarted Some updates remain.}
{"logTime": "0210/133505", "correlationVector":"qwQHKBZRDKGor+KKEtR3cN","action":"Initial GetUpdates", "result":"", "context":Reason: NEWLY_SUPPORTED_DATATYPE. cV=qwQHKBZRDKGor+KKEtR3cN}
{"logTime": "0210/133506", "correlationVector":"qwQHKBZRDKGor+KKEtR3cN.1","action":"SyncServerConnectionManagerRequest", "result":"SYNC_SERVER_OK", "context":{"environment":"Prod_westeurope_prod-s01-079-eur-westeurope", "migrationStage":"NotStarted", "server":"akswtt00500000b"}}
{"logTime": "0210/133506", "correlationVector":"qwQHKBZRDKGor+KKEtR3cN.2","action":"GetUpdates Response", "result":"Success", "context":Received 250 update(s). cV=qwQHKBZRDKGor+KKEtR3cN.0;server=akswtt00500000b;cloudType=Consumer;environment=Prod_westeurope_prod-s01-079-eur-westeurope;migrationStage=NotStarted Some updates remain.}
{"logTime": "0210/133506", "correlationVector":"XYuldgEuSQfWzDA5rtRHc2","action":"Initial GetUpdates", "result":"", "context":Reason: NEWLY_SUPPORTED_DATATYPE. cV=XYuldgEuSQfWzDA5rtRHc2}
{"logTime": "0210/133507", "correlationVector":"XYuldgEuSQfWzDA5rtRHc2.1","action":"SyncServerConnectionManagerRequest", "result":"SYNC_SERVER_OK", "context":{"environment":"Prod_westeurope_prod-s01-079-eur-westeurope", "migrationStage":"NotStarted", "server":"akswtt005000009"}}
{"logTime": "0210/133507", "correlationVector":"XYuldgEuSQfWzDA5rtRHc2.2","action":"GetUpdates Response", "result":"Success", "context":Received 250 update(s). cV=XYuldgEuSQfWzDA5rtRHc2.0;server=akswtt005000009;cloudType=Consumer;environment=Prod_westeurope_prod-s01-079-eur-westeurope;migrationStage=NotStarted Some updates remain.}
{"logTime": "0210/133507", "correlationVector":"wKeuvyMcJWn0EuumxncouP","action":"Initial GetUpdates", "result":"", "context":Reason: NEWLY_SUPPORTED_DATATYPE. cV=wKeuvyMcJWn0EuumxncouP}
{"logTime": "0210/133508", "correlationVector":"wKeuvyMcJWn0EuumxncouP.1","action":"SyncServerConnectionManagerRequest", "result":"SYNC_SERVER_OK", "context":{"environment":"Prod_westeurope_prod-s01-079-eur-westeurope", "migrationStage":"NotStarted", "server":"akswtt00500001z"}}
{"logTime": "0210/133508", "correlationVector":"wKeuvyMcJWn0EuumxncouP.2","action":"GetUpdates Response", "result":"Success", "context":Received 250 update(s). cV=wKeuvyMcJWn0EuumxncouP.0;server=akswtt00500001z;cloudType=Consumer;environment=Prod_westeurope_prod-s01-079-eur-westeurope;migrationStage=NotStarted Some updates remain.}
{"logTime": "0210/133508", "correlationVector":"gHfP0EVdzMbDDrI6NEwZW2","action":"Initial GetUpdates", "result":"", "context":Reason: NEWLY_SUPPORTED_DATATYPE. cV=gHfP0EVdzMbDDrI6NEwZW2}
{"logTime": "0210/133509", "correlationVector":"gHfP0EVdzMbDDrI6NEwZW2.1","action":"SyncServerConnectionManagerRequest", "result":"SYNC_SERVER_OK", "context":{"environment":"Prod_westeurope_prod-s01-079-eur-westeurope", "migrationStage":"NotStarted", "server":"akswtt00500001n"}}
{"logTime": "0210/133509", "correlationVector":"gHfP0EVdzMbDDrI6NEwZW2.2","action":"GetUpdates Response", "result":"Success", "context":Received 250 update(s). cV=gHfP0EVdzMbDDrI6NEwZW2.0;server=akswtt00500001n;cloudType=Consumer;environment=Prod_westeurope_prod-s01-079-eur-westeurope;migrationStage=NotStarted Some updates remain.}
{"logTime": "0210/133509", "correlationVector":"i1xmUwJqWoo6TyXKFBB7kU","action":"Initial GetUpdates", "result":"", "context":Reason: NEWLY_SUPPORTED_DATATYPE. cV=i1xmUwJqWoo6TyXKFBB7kU}
{"logTime": "0210/133510", "correlationVector":"i1xmUwJqWoo6TyXKFBB7kU.1","action":"SyncServerConnectionManagerRequest", "result":"SYNC_SERVER_OK", "context":{"environment":"Prod_westeurope_prod-s01-079-eur-westeurope", "migrationStage":"NotStarted", "server":"akswtt00500003h"}}
{"logTime": "0210/133510", "correlationVector":"i1xmUwJqWoo6TyXKFBB7kU.2","action":"GetUpdates Response", "result":"Success", "context":Received 250 update(s). cV=i1xmUwJqWoo6TyXKFBB7kU.0;server=akswtt00500003h;cloudType=Consumer;environment=Prod_westeurope_prod-s01-079-eur-westeurope;migrationStage=NotStarted Some updates remain.}
{"logTime": "0210/133510", "correlationVector":"VQE6apZOlB3ZispvZxoOSN","action":"Initial GetUpdates", "result":"", "context":Reason: NEWLY_SUPPORTED_DATATYPE. cV=VQE6apZOlB3ZispvZxoOSN}
{"logTime": "0210/133511", "correlationVector":"VQE6apZOlB3ZispvZxoOSN.1","action":"SyncServerConnectionManagerRequest", "result":"SYNC_SERVER_OK", "context":{"environment":"Prod_westeurope_prod-s01-079-eur-westeurope", "migrationStage":"NotStarted", "server":"akswtt00500001i"}}
{"logTime": "0210/133511", "correlationVector":"VQE6apZOlB3ZispvZxoOSN.2","action":"GetUpdates Response", "result":"Success", "context":Received 250 update(s). cV=VQE6apZOlB3ZispvZxoOSN.0;server=akswtt00500001i;cloudType=Consumer;environment=Prod_westeurope_prod-s01-079-eur-westeurope;migrationStage=NotStarted Some updates remain.}
{"logTime": "0210/133511", "correlationVector":"0Vm13MVGbyH00Wa4fJMvsq","action":"Initial GetUpdates", "result":"", "context":Reason: NEWLY_SUPPORTED_DATATYPE. cV=0Vm13MVGbyH00Wa4fJMvsq}
{"logTime": "0210/133512", "correlationVector":"0Vm13MVGbyH00Wa4fJMvsq.1","action":"SyncServerConnectionManagerRequest", "result":"SYNC_SERVER_OK", "context":{"environment":"Prod_westeurope_prod-s01-079-eur-westeurope", "migrationStage":"NotStarted", "server":"akswtt00500000o"}}
{"logTime": "0210/133512", "correlationVector":"0Vm13MVGbyH00Wa4fJMvsq.2","action":"GetUpdates Response", "result":"Success", "context":Received 250 update(s). cV=0Vm13MVGbyH00Wa4fJMvsq.0;server=akswtt00500000o;cloudType=Consumer;environment=Prod_westeurope_prod-s01-079-eur-westeurope;migrationStage=NotStarted Some updates remain.}
{"logTime": "0210/133512", "correlationVector":"N0V5tItegrIbHvKsVz428K","action":"Initial GetUpdates", "result":"", "context":Reason: NEWLY_SUPPORTED_DATATYPE. cV=N0V5tItegrIbHvKsVz428K}
{"logTime": "0210/133512", "correlationVector":"N0V5tItegrIbHvKsVz428K.1","action":"SyncServerConnectionManagerRequest", "result":"SYNC_SERVER_OK", "context":{"environment":"Prod_westeurope_prod-s01-079-eur-westeurope", "migrationStage":"NotStarted", "server":"akswtt005000009"}}
{"logTime": "0210/133512", "correlationVector":"N0V5tItegrIbHvKsVz428K.2","action":"GetUpdates Response", "result":"Success", "context":Received 250 update(s). cV=N0V5tItegrIbHvKsVz428K.0;server=akswtt005000009;cloudType=Consumer;environment=Prod_westeurope_prod-s01-079-eur-westeurope;migrationStage=NotStarted Some updates remain.}
{"logTime": "0210/133512", "correlationVector":"CtzsSjOXpO3i7PKrwaHJ33","action":"Initial GetUpdates", "result":"", "context":Reason: NEWLY_SUPPORTED_DATATYPE. cV=CtzsSjOXpO3i7PKrwaHJ33}
{"logTime": "0210/133514", "correlationVector":"CtzsSjOXpO3i7PKrwaHJ33.1","action":"SyncServerConnectionManagerRequest", "result":"SYNC_SERVER_OK", "context":{"environment":"Prod_westeurope_prod-s01-079-eur-westeurope", "migrationStage":"NotStarted", "server":"akswtt00500000b"}}
{"logTime": "0210/133514", "correlationVector":"CtzsSjOXpO3i7PKrwaHJ33.2","action":"GetUpdates Response", "result":"Success", "context":Received 250 update(s). cV=CtzsSjOXpO3i7PKrwaHJ33.0;server=akswtt00500000b;cloudType=Consumer;environment=Prod_westeurope_prod-s01-079-eur-westeurope;migrationStage=NotStarted Some updates remain.}
{"logTime": "0210/133514", "correlationVector":"ud3x/CCJihh39hOjlgDZ+w","action":"Initial GetUpdates", "result":"", "context":Reason: NEWLY_SUPPORTED_DATATYPE. cV=ud3x/CCJihh39hOjlgDZ+w}
{"logTime": "0210/133514", "correlationVector":"ud3x/CCJihh39hOjlgDZ+w.1","action":"SyncServerConnectionManagerRequest", "result":"SYNC_SERVER_OK", "context":{"environment":"Prod_westeurope_prod-s01-079-eur-westeurope", "migrationStage":"NotStarted", "server":"akswtt00500001i"}}
{"logTime": "0210/133514", "correlationVector":"ud3x/CCJihh39hOjlgDZ+w.2","action":"GetUpdates Response", "result":"Success", "context":Received 250 update(s). cV=ud3x/CCJihh39hOjlgDZ+w.0;server=akswtt00500001i;cloudType=Consumer;environment=Prod_westeurope_prod-s01-079-eur-westeurope;migrationStage=NotStarted Some updates remain.}
{"logTime": "0210/133514", "correlationVector":"e8AqGjo9kYAM0uJFntKG/z","action":"Initial GetUpdates", "result":"", "context":Reason: NEWLY_SUPPORTED_DATATYPE. cV=e8AqGjo9kYAM0uJFntKG/z}
{"logTime": "0210/133515", "correlationVector":"e8AqGjo9kYAM0uJFntKG/z.1","action":"SyncServerConnectionManagerRequest", "result":"SYNC_SERVER_OK", "context":{"environment":"Prod_westeurope_prod-s01-079-eur-westeurope", "migrationStage":"NotStarted", "server":"akswtt00500000b"}}
{"logTime": "0210/133515", "correlationVector":"e8AqGjo9kYAM0uJFntKG/z.2","action":"GetUpdates Response", "result":"Success", "context":Received 250 update(s). cV=e8AqGjo9kYAM0uJFntKG/z.0;server=akswtt00500000b;cloudType=Consumer;environment=Prod_westeurope_prod-s01-079-eur-westeurope;migrationStage=NotStarted Some updates remain.}
{"logTime": "0210/133515", "correlationVector":"6hpD0WMgw217qUeHjJg2Mm","action":"Initial GetUpdates", "result":"", "context":Reason: NEWLY_SUPPORTED_DATATYPE. cV=6hpD0WMgw217qUeHjJg2Mm}
{"logTime": "0210/133516", "correlationVector":"6hpD0WMgw217qUeHjJg2Mm.1","action":"SyncServerConnectionManagerRequest", "result":"SYNC_SERVER_OK", "context":{"environment":"Prod_westeurope_prod-s01-079-eur-westeurope", "migrationStage":"NotStarted", "server":"akswtt00500000o"}}
{"logTime": "0210/133516", "correlationVector":"6hpD0WMgw217qUeHjJg2Mm.2","action":"GetUpdates Response", "result":"Success", "context":Received 250 update(s). cV=6hpD0WMgw217qUeHjJg2Mm.0;server=akswtt00500000o;cloudType=Consumer;environment=Prod_westeurope_prod-s01-079-eur-westeurope;migrationStage=NotStarted Some updates remain.}
{"logTime": "0210/133516", "correlationVector":"wHzLBdiQRU8sUmlHm2+k1H","action":"Initial GetUpdates", "result":"", "context":Reason: NEWLY_SUPPORTED_DATATYPE. cV=wHzLBdiQRU8sUmlHm2+k1H}
{"logTime": "0210/133517", "correlationVector":"wHzLBdiQRU8sUmlHm2+k1H.1","action":"SyncServerConnectionManagerRequest", "result":"SYNC_SERVER_OK", "context":{"environment":"Prod_westeurope_prod-s01-079-eur-westeurope", "migrationStage":"NotStarted", "server":"akswtt00500002j"}}
{"logTime": "0210/133517", "correlationVector":"wHzLBdiQRU8sUmlHm2+k1H.2","action":"GetUpdates Response", "result":"Success", "context":Received 250 update(s). cV=wHzLBdiQRU8sUmlHm2+k1H.0;server=akswtt00500002j;cloudType=Consumer;environment=Prod_westeurope_prod-s01-079-eur-westeurope;migrationStage=NotStarted Some updates remain.}
{"logTime": "0210/133517", "correlationVector":"bCiTW9Cq751LsfZ2iCTLys","action":"Initial GetUpdates", "result":"", "context":Reason: NEWLY_SUPPORTED_DATATYPE. cV=bCiTW9Cq751LsfZ2iCTLys}
{"logTime": "0210/133517", "correlationVector":"bCiTW9Cq751LsfZ2iCTLys.1","action":"SyncServerConnectionManagerRequest", "result":"SYNC_SERVER_OK", "context":{"environment":"Prod_westeurope_prod-s01-079-eur-westeurope", "migrationStage":"NotStarted", "server":"akswtt005000009"}}
{"logTime": "0210/133517", "correlationVector":"bCiTW9Cq751LsfZ2iCTLys.2","action":"GetUpdates Response", "result":"Success", "context":Received 250 update(s). cV=bCiTW9Cq751LsfZ2iCTLys.0;server=akswtt005000009;cloudType=Consumer;environment=Prod_westeurope_prod-s01-079-eur-westeurope;migrationStage=NotStarted Some updates remain.}
{"logTime": "0210/133517", "correlationVector":"j98pbd5OkLAUWAtULCrgRI","action":"Initial GetUpdates", "result":"", "context":Reason: NEWLY_SUPPORTED_DATATYPE. cV=j98pbd5OkLAUWAtULCrgRI}
{"logTime": "0210/133518", "correlationVector":"j98pbd5OkLAUWAtULCrgRI.1","action":"SyncServerConnectionManagerRequest", "result":"SYNC_SERVER_OK", "context":{"environment":"Prod_westeurope_prod-s01-079-eur-westeurope", "migrationStage":"NotStarted", "server":"akswtt00500001n"}}
{"logTime": "0210/133518", "correlationVector":"j98pbd5OkLAUWAtULCrgRI.2","action":"GetUpdates Response", "result":"Success", "context":Received 250 update(s). cV=j98pbd5OkLAUWAtULCrgRI.0;server=akswtt00500001n;cloudType=Consumer;environment=Prod_westeurope_prod-s01-079-eur-westeurope;migrationStage=NotStarted Some updates remain.}
{"logTime": "0210/133518", "correlationVector":"czjPgfdSB02waQ/PmYmo5W","action":"Initial GetUpdates", "result":"", "context":Reason: NEWLY_SUPPORTED_DATATYPE. cV=czjPgfdSB02waQ/PmYmo5W}
{"logTime": "0210/133519", "correlationVector":"czjPgfdSB02waQ/PmYmo5W.1","action":"SyncServerConnectionManagerRequest", "result":"SYNC_SERVER_OK", "context":{"environment":"Prod_westeurope_prod-s01-079-eur-westeurope", "migrationStage":"NotStarted", "server":"akswtt00500001l"}}
{"logTime": "0210/133519", "correlationVector":"czjPgfdSB02waQ/PmYmo5W.2","action":"GetUpdates Response", "result":"Success", "context":Received 250 update(s). cV=czjPgfdSB02waQ/PmYmo5W.0;server=akswtt00500001l;cloudType=Consumer;environment=Prod_westeurope_prod-s01-079-eur-westeurope;migrationStage=NotStarted Some updates remain.}
{"logTime": "0210/133519", "correlationVector":"XzZKsrY+2MgeeU2h0t4Kk9","action":"Initial GetUpdates", "result":"", "context":Reason: NEWLY_SUPPORTED_DATATYPE. cV=XzZKsrY+2MgeeU2h0t4Kk9}
{"logTime": "0210/133520", "correlationVector":"XzZKsrY+2MgeeU2h0t4Kk9.1","action":"SyncServerConnectionManagerRequest", "result":"SYNC_SERVER_OK", "context":{"environment":"Prod_westeurope_prod-s01-079-eur-westeurope", "migrationStage":"NotStarted", "server":"akswtt005000017"}}
{"logTime": "0210/133520", "correlationVector":"XzZKsrY+2MgeeU2h0t4Kk9.2","action":"GetUpdates Response", "result":"Success", "context":Received 250 update(s). cV=XzZKsrY+2MgeeU2h0t4Kk9.0;server=akswtt005000017;cloudType=Consumer;environment=Prod_westeurope_prod-s01-079-eur-westeurope;migrationStage=NotStarted Some updates remain.}
{"logTime": "0210/133520", "correlationVector":"mNXzogL14OFbHmyXkK+j3/","action":"Initial GetUpdates", "result":"", "context":Reason: NEWLY_SUPPORTED_DATATYPE. cV=mNXzogL14OFbHmyXkK+j3/}
{"logTime": "0210/133521", "correlationVector":"mNXzogL14OFbHmyXkK+j3/.1","action":"SyncServerConnectionManagerRequest", "result":"SYNC_SERVER_OK", "context":{"environment":"Prod_westeurope_prod-s01-079-eur-westeurope", "migrationStage":"NotStarted", "server":"akswtt00500000o"}}
{"logTime": "0210/133521", "correlationVector":"mNXzogL14OFbHmyXkK+j3/.2","action":"GetUpdates Response", "result":"Success", "context":Received 250 update(s). cV=mNXzogL14OFbHmyXkK+j3/.0;server=akswtt00500000o;cloudType=Consumer;environment=Prod_westeurope_prod-s01-079-eur-westeurope;migrationStage=NotStarted Some updates remain.}
{"logTime": "0210/133521", "correlationVector":"qFPZ+zcgypMj+HpSJZCkYf","action":"Initial GetUpdates", "result":"", "context":Reason: NEWLY_SUPPORTED_DATATYPE. cV=qFPZ+zcgypMj+HpSJZCkYf}
{"logTime": "0210/133521", "correlationVector":"qFPZ+zcgypMj+HpSJZCkYf.1","action":"SyncServerConnectionManagerRequest", "result":"SYNC_SERVER_OK", "context":{"environment":"Prod_westeurope_prod-s01-079-eur-westeurope", "migrationStage":"NotStarted", "server":"akswtt005000017"}}
{"logTime": "0210/133521", "correlationVector":"qFPZ+zcgypMj+HpSJZCkYf.2","action":"GetUpdates Response", "result":"Success", "context":Received 250 update(s). cV=qFPZ+zcgypMj+HpSJZCkYf.0;server=akswtt005000017;cloudType=Consumer;environment=Prod_westeurope_prod-s01-079-eur-westeurope;migrationStage=NotStarted Some updates remain.}
{"logTime": "0210/133521", "correlationVector":"dgkFL2ykqXuDRQzb0OOG/Z","action":"Initial GetUpdates", "result":"", "context":Reason: NEWLY_SUPPORTED_DATATYPE. cV=dgkFL2ykqXuDRQzb0OOG/Z}
{"logTime": "0210/133522", "correlationVector":"dgkFL2ykqXuDRQzb0OOG/Z.1","action":"SyncServerConnectionManagerRequest", "result":"SYNC_SERVER_OK", "context":{"environment":"Prod_westeurope_prod-s01-079-eur-westeurope", "migrationStage":"NotStarted", "server":"akswtt00500001n"}}
{"logTime": "0210/133522", "correlationVector":"dgkFL2ykqXuDRQzb0OOG/Z.2","action":"GetUpdates Response", "result":"Success", "context":Received 250 update(s). cV=dgkFL2ykqXuDRQzb0OOG/Z.0;server=akswtt00500001n;cloudType=Consumer;environment=Prod_westeurope_prod-s01-079-eur-westeurope;migrationStage=NotStarted Some updates remain.}
{"logTime": "0210/133522", "correlationVector":"sg2wwueawUgKoOrgvNeV3T","action":"Initial GetUpdates", "result":"", "context":Reason: NEWLY_SUPPORTED_DATATYPE. cV=sg2wwueawUgKoOrgvNeV3T}
{"logTime": "0210/133523", "correlationVector":"sg2wwueawUgKoOrgvNeV3T.1","action":"SyncServerConnectionManagerRequest", "result":"SYNC_SERVER_OK", "context":{"environment":"Prod_westeurope_prod-s01-079-eur-westeurope", "migrationStage":"NotStarted", "server":"akswtt00500002j"}}
{"logTime": "0210/133523", "correlationVector":"sg2wwueawUgKoOrgvNeV3T.2","action":"GetUpdates Response", "result":"Success", "context":Received 250 update(s). cV=sg2wwueawUgKoOrgvNeV3T.0;server=akswtt00500002j;cloudType=Consumer;environment=Prod_westeurope_prod-s01-079-eur-westeurope;migrationStage=NotStarted Some updates remain.}
{"logTime": "0210/133523", "correlationVector":"wOPE2tx907C6I2dfPxYrrp","action":"Initial GetUpdates", "result":"", "context":Reason: NEWLY_SUPPORTED_DATATYPE. cV=wOPE2tx907C6I2dfPxYrrp}
{"logTime": "0210/133523", "correlationVector":"wOPE2tx907C6I2dfPxYrrp.1","action":"SyncServerConnectionManagerRequest", "result":"SYNC_SERVER_OK", "context":{"environment":"Prod_westeurope_prod-s01-079-eur-westeurope", "migrationStage":"NotStarted", "server":"akswtt00500001n"}}
{"logTime": "0210/133524", "correlationVector":"wOPE2tx907C6I2dfPxYrrp.2","action":"GetUpdates Response", "result":"Success", "context":Received 238 update(s). cV=wOPE2tx907C6I2dfPxYrrp.0;server=akswtt00500001n;cloudType=Consumer;environment=Prod_westeurope_prod-s01-079-eur-westeurope;migrationStage=NotStarted}
{"logTime": "0210/133524", "correlationVector":"lgB1/9du2c7+VIiS2yIfpC","action":"Normal GetUpdate request", "result":"", "context":cV=lgB1/9du2c7+VIiS2yIfpC
Nudged types: Bookmarks, Preferences, Sessions, Device Info, User Consents
Refresh requested types: Bookmarks, Preferences, Passwords, Autofill Profiles, Autofill, Extensions, Sessions, Extension settings, History Delete Directives, Device Info, User Consents, Send Tab To Self, Web Apps, History, Collection, Edge E Drop, Edge Hub App Usage, Edge Tab Group, Edge Wallet, Encryption Keys}
{"logTime": "0210/133524", "correlationVector":"lgB1/9du2c7+VIiS2yIfpC.1","action":"SyncServerConnectionManagerRequest", "result":"SYNC_SERVER_OK", "context":{"environment":"Prod_westeurope_prod-s01-079-eur-westeurope", "migrationStage":"NotStarted", "server":"akswtt00500003h"}}
{"logTime": "0210/133524", "correlationVector":"lgB1/9du2c7+VIiS2yIfpC.2","action":"GetUpdates Response", "result":"Success", "context":Received 0 update(s). cV=lgB1/9du2c7+VIiS2yIfpC.0;server=akswtt00500003h;cloudType=Consumer;environment=Prod_westeurope_prod-s01-079-eur-westeurope;migrationStage=NotStarted}
{"logTime": "0210/133524", "correlationVector":"bg3lbrNT9NU3hcVzRSWQf3","action":"Commit Request", "result":"", "context":Item count: 11
Contributing types: Bookmarks, Sessions, Device Info, User Consents}
{"logTime": "0210/133525", "correlationVector":"bg3lbrNT9NU3hcVzRSWQf3.1","action":"SyncServerConnectionManagerRequest", "result":"SYNC_SERVER_OK", "context":{"environment":"Prod_westeurope_prod-s01-079-eur-westeurope", "migrationStage":"NotStarted", "server":"akswtt00500001l"}}
{"logTime": "0210/133525", "correlationVector":"bg3lbrNT9NU3hcVzRSWQf3.2","action":"Commit Response", "result":"Success", "context":Result: Success. cV=bg3lbrNT9NU3hcVzRSWQf3.0;server=akswtt00500001l;cloudType=Consumer;environment=Prod_westeurope_prod-s01-079-eur-westeurope;migrationStage=NotStarted}
{"logTime": "0210/133718", "correlationVector":"U4tSHSL5VA/SbQGYbRlrMi","action":"Commit Request", "result":"", "context":Item count: 4
Contributing types: Sessions, History}
{"logTime": "0210/133720", "correlationVector":"U4tSHSL5VA/SbQGYbRlrMi.1","action":"SyncServerConnectionManagerRequest", "result":"SYNC_SERVER_OK", "context":{"environment":"Prod_francecentral_prod-s01-062-eur-francecentral", "migrationStage":"NotStarted", "server":"akswtt00400003n"}}
{"logTime": "0210/133720", "correlationVector":"U4tSHSL5VA/SbQGYbRlrMi.2","action":"Commit Response", "result":"Success", "context":Result: Success. cV=U4tSHSL5VA/SbQGYbRlrMi.0;server=akswtt00400003n;cloudType=Consumer;environment=Prod_francecentral_prod-s01-062-eur-francecentral;migrationStage=NotStarted}
{"logTime": "0210/133722", "correlationVector":"gfoG4Ik3BfyS/PFWYirWac","action":"Normal GetUpdate request", "result":"", "context":cV=gfoG4Ik3BfyS/PFWYirWac
Notified types: History}
{"logTime": "0210/133725", "correlationVector":"gfoG4Ik3BfyS/PFWYirWac.1","action":"SyncServerConnectionManagerRequest", "result":"SYNC_SERVER_OK", "context":{"environment":"Prod_francecentral_prod-s01-062-eur-francecentral", "migrationStage":"NotStarted", "server":"akswtt004000046"}}
{"logTime": "0210/133725", "correlationVector":"gfoG4Ik3BfyS/PFWYirWac.2","action":"GetUpdates Response", "result":"Success", "context":Received 19 update(s). cV=gfoG4Ik3BfyS/PFWYirWac.0;server=akswtt004000046;cloudType=Consumer;environment=Prod_francecentral_prod-s01-062-eur-francecentral;migrationStage=NotStarted}
{"logTime": "0210/133725", "correlationVector":"tZQtzK1vGKZjQIysL5g/4d","action":"DoCompareDataConsistency requsted types: ", "result":"Bookmarks, Preferences, Passwords, Extensions, Extension settings, History Delete Directives, Send Tab To Self, Web Apps, History, Collection, Edge E Drop, Edge Tab Group, Edge Wallet, Encryption Keys"}
{"logTime": "0210/133725", "correlationVector":"tZQtzK1vGKZjQIysL5g/4d.0","action":"CompareDataConsistency result: ", "result":"Compare result: Encryption Keys is consistent. local entities count is: 1 local entities hash is: Px4hFxyF5y0QBhhEErRll1UsUUw="}
{"logTime": "0210/133725", "correlationVector":"tZQtzK1vGKZjQIysL5g/4d.1","action":"CompareDataConsistency result: ", "result":"Compare result: Bookmarks is inconsistent.After ignore ghosts in Bookmark, change from inconsistent to: still inconsistent. server entities count is: 39 server entities hash is: cnIvbSJMocqqcsEZ8zflm/aMfnA= Server count without ghosts: 39 Server hash without ghosts: cnIvbSJMocqqcsEZ8zflm/aMfnA= local entities count is: 36 local entities hash is: FX7zpxbxKK63PpXfw48pO6Eb+WI="}
{"logTime": "0210/133725", "correlationVector":"tZQtzK1vGKZjQIysL5g/4d.2","action":"CompareDataConsistency result: ", "result":"Compare result: Preferences is inconsistent. server entities count is: 127 server entities hash is: Vpv7OeiYhHOlTj47D64znmWAxfo= local entities count is: 122 local entities hash is: GOcDEucT3dos0Jp/m2xWkVt68IQ="}
{"logTime": "0210/133725", "correlationVector":"tZQtzK1vGKZjQIysL5g/4d.3","action":"CompareDataConsistency result: ", "result":"Compare result: Extensions is inconsistent. server entities count is: 17 server entities hash is: 381qRKUNcKynJvOR8f5TAFT160w= local entities count is: 16 local entities hash is: kv2qdrsJrFnNsntOn0IScmLM/KQ="}
{"logTime": "0210/133725", "correlationVector":"tZQtzK1vGKZjQIysL5g/4d.4","action":"CompareDataConsistency result: ", "result":"Compare result: Extension settings is consistent. local entities count is: 3 local entities hash is: MMOR99QWxfISyc0Mr7dugJ4/KYw="}
{"logTime": "0210/133725", "correlationVector":"tZQtzK1vGKZjQIysL5g/4d.5","action":"CompareDataConsistency result: ", "result":"Compare result: History Delete Directives is inconsistent. server entities count is: 1 server entities hash is: cYBYWvxtSmHtwIL5ewUbNlEijGg= local entities count is: 0 local entities hash is: "}
{"logTime": "0210/133725", "correlationVector":"tZQtzK1vGKZjQIysL5g/4d.6","action":"CompareDataConsistency result: ", "result":"Server did not send this Send Tab To Self local entities count is: 0 local entities hash is: "}
{"logTime": "0210/133725", "correlationVector":"tZQtzK1vGKZjQIysL5g/4d.7","action":"CompareDataConsistency result: ", "result":"Compare result: Web Apps is consistent. local entities count is: 1 local entities hash is: 4nbbLtRYPOhaTAmlz0a3mRRSV5g="}
{"logTime": "0210/133725", "correlationVector":"tZQtzK1vGKZjQIysL5g/4d.8","action":"CompareDataConsistency result: ", "result":"Server did not send this History local entities count is: 0 local entities hash is: "}
{"logTime": "0210/133725", "correlationVector":"tZQtzK1vGKZjQIysL5g/4d.9","action":"CompareDataConsistency result: ", "result":"Compare result: Collection is consistent. local entities count is: 223 local entities hash is: HnnvK8aUrhuNGiN4won2n13tA2o="}
{"logTime": "0210/133725", "correlationVector":"tZQtzK1vGKZjQIysL5g/4d.10","action":"CompareDataConsistency result: ", "result":"Compare result: Edge E Drop is consistent. local entities count is: 0 local entities hash is: "}
{"logTime": "0210/133725", "correlationVector":"tZQtzK1vGKZjQIysL5g/4d.11","action":"CompareDataConsistency result: ", "result":"Compare result: Edge Tab Group is consistent. local entities count is: 0 local entities hash is: "}
{"logTime": "0210/133725", "correlationVector":"tZQtzK1vGKZjQIysL5g/4d.12","action":"CompareDataConsistency result: ", "result":"Compare result: Edge Wallet is consistent. local entities count is: 0 local entities hash is: "}
{"logTime": "0210/133725", "correlationVector":"tZQtzK1vGKZjQIysL5g/4d.13","action":"CompareDataConsistency result: ", "result":"Compare result: Passwords is inconsistent. server entities count is: 40 server entities hash is: FgyQNI634W3eRxibsl9TV3KpVVw= local entities count is: 33 local entities hash is: 4Veq1sRDBRRqGNc7nQLcSHSHHwo="}
{"logTime": "0210/133725", "correlationVector":"","action":"DIAGNOSTIC_REQUEST|v1/diagnosticData/Diagnostic.SendCheckResult()|SUCCESS", "result":""}
{"logTime": "0210/133825", "correlationVector":"CpyZsZp+xVd+7PlS9OAAiH","action":"Normal GetUpdate request", "result":"", "context":cV=CpyZsZp+xVd+7PlS9OAAiH
Notified types: History}
{"logTime": "0210/133825", "correlationVector":"CpyZsZp+xVd+7PlS9OAAiH.1","action":"SyncServerConnectionManagerRequest", "result":"SYNC_SERVER_OK", "context":{"environment":"Prod_francecentral_prod-s01-062-eur-francecentral", "migrationStage":"NotStarted", "server":"akswtt004000025"}}
{"logTime": "0210/133825", "correlationVector":"CpyZsZp+xVd+7PlS9OAAiH.2","action":"GetUpdates Response", "result":"Success", "context":Received 20 update(s). cV=CpyZsZp+xVd+7PlS9OAAiH.0;server=akswtt004000025;cloudType=Consumer;environment=Prod_francecentral_prod-s01-062-eur-francecentral;migrationStage=NotStarted}
{"logTime": "0210/134057", "correlationVector":"0MT7ZO2mAOuRSyjV070CsX","action":"Normal GetUpdate request", "result":"", "context":cV=0MT7ZO2mAOuRSyjV070CsX
Notified types: Device Info, History}
{"logTime": "0210/134059", "correlationVector":"0MT7ZO2mAOuRSyjV070CsX.1","action":"SyncServerConnectionManagerRequest", "result":"SYNC_SERVER_OK", "context":{"environment":"Prod_francecentral_prod-s01-062-eur-francecentral", "migrationStage":"NotStarted", "server":"akswtt004000020"}}
{"logTime": "0210/134059", "correlationVector":"0MT7ZO2mAOuRSyjV070CsX.2","action":"GetUpdates", "result":"DeleteReceived", "context":{"id":"d75bf527-c704-44c4-9066-40f7c07d7f23", "isDeleted:":"true", "version":"1739194778754"}}
{"logTime": "0210/134059", "correlationVector":"0MT7ZO2mAOuRSyjV070CsX.3","action":"GetUpdates Response", "result":"Success", "context":Received 5 update(s). cV=0MT7ZO2mAOuRSyjV070CsX.0;server=akswtt004000020;cloudType=Consumer;environment=Prod_francecentral_prod-s01-062-eur-francecentral;migrationStage=NotStarted}
{"logTime": "0210/134102", "correlationVector":"nUgd94eFt49IJdn57Ri1AS","action":"Normal GetUpdate request", "result":"", "context":cV=nUgd94eFt49IJdn57Ri1AS
Notified types: Device Info}
{"logTime": "0210/134102", "correlationVector":"nUgd94eFt49IJdn57Ri1AS.1","action":"SyncServerConnectionManagerRequest", "result":"SYNC_SERVER_OK", "context":{"environment":"Prod_francecentral_prod-s01-062-eur-francecentral", "migrationStage":"NotStarted", "server":"akswtt00400000p"}}
{"logTime": "0210/134102", "correlationVector":"nUgd94eFt49IJdn57Ri1AS.2","action":"GetUpdates Response", "result":"Success", "context":Received 2 update(s). cV=nUgd94eFt49IJdn57Ri1AS.0;server=akswtt00400000p;cloudType=Consumer;environment=Prod_francecentral_prod-s01-062-eur-francecentral;migrationStage=NotStarted}
{"logTime": "0210/134104", "correlationVector":"4HL19GlRiUjNwpKVwIY1V2","action":"Normal GetUpdate request", "result":"", "context":cV=4HL19GlRiUjNwpKVwIY1V2
Notified types: Device Info, History}
{"logTime": "0210/134104", "correlationVector":"4HL19GlRiUjNwpKVwIY1V2.1","action":"SyncServerConnectionManagerRequest", "result":"SYNC_SERVER_OK", "context":{"environment":"Prod_francecentral_prod-s01-062-eur-francecentral", "migrationStage":"NotStarted", "server":"akswtt00400001b"}}
{"logTime": "0210/134104", "correlationVector":"4HL19GlRiUjNwpKVwIY1V2.2","action":"GetUpdates Response", "result":"Success", "context":Received 4 update(s). cV=4HL19GlRiUjNwpKVwIY1V2.0;server=akswtt00400001b;cloudType=Consumer;environment=Prod_francecentral_prod-s01-062-eur-francecentral;migrationStage=NotStarted}
{"logTime": "0210/134112", "correlationVector":"BZa9ddZUyyu91B2+fzVukK","action":"Normal GetUpdate request", "result":"", "context":cV=BZa9ddZUyyu91B2+fzVukK
Notified types: Device Info, History}
{"logTime": "0210/134112", "correlationVector":"BZa9ddZUyyu91B2+fzVukK.1","action":"SyncServerConnectionManagerRequest", "result":"SYNC_SERVER_OK", "context":{"environment":"Prod_francecentral_prod-s01-062-eur-francecentral", "migrationStage":"NotStarted", "server":"akswtt00400000p"}}
{"logTime": "0210/134112", "correlationVector":"BZa9ddZUyyu91B2+fzVukK.2","action":"GetUpdates Response", "result":"Success", "context":Received 4 update(s). cV=BZa9ddZUyyu91B2+fzVukK.0;server=akswtt00400000p;cloudType=Consumer;environment=Prod_francecentral_prod-s01-062-eur-francecentral;migrationStage=NotStarted}
{"logTime": "0210/134113", "correlationVector":"lDCzmPKE1wa/KG7fH8qn1u","action":"Normal GetUpdate request", "result":"", "context":cV=lDCzmPKE1wa/KG7fH8qn1u
Notified types: Device Info}
{"logTime": "0210/134113", "correlationVector":"lDCzmPKE1wa/KG7fH8qn1u.1","action":"SyncServerConnectionManagerRequest", "result":"SYNC_SERVER_OK", "context":{"environment":"Prod_francecentral_prod-s01-062-eur-francecentral", "migrationStage":"NotStarted", "server":"akswtt00400000p"}}
{"logTime": "0210/134113", "correlationVector":"lDCzmPKE1wa/KG7fH8qn1u.2","action":"GetUpdates Response", "result":"Success", "context":Received 1 update(s). cV=lDCzmPKE1wa/KG7fH8qn1u.0;server=akswtt00400000p;cloudType=Consumer;environment=Prod_francecentral_prod-s01-062-eur-francecentral;migrationStage=NotStarted}
{"logTime": "0210/134214", "correlationVector":"opJjjWrfmyTxKGxqsGngGf","action":"Normal GetUpdate request", "result":"", "context":cV=opJjjWrfmyTxKGxqsGngGf
Notified types: History}
{"logTime": "0210/134217", "correlationVector":"opJjjWrfmyTxKGxqsGngGf.1","action":"SyncServerConnectionManagerRequest", "result":"SYNC_SERVER_OK", "context":{"environment":"Prod_francecentral_prod-s01-062-eur-francecentral", "migrationStage":"NotStarted", "server":"akswtt004000028"}}
{"logTime": "0210/134217", "correlationVector":"opJjjWrfmyTxKGxqsGngGf.2","action":"GetUpdates Response", "result":"Success", "context":Received 2 update(s). cV=opJjjWrfmyTxKGxqsGngGf.0;server=akswtt004000028;cloudType=Consumer;environment=Prod_francecentral_prod-s01-062-eur-francecentral;migrationStage=NotStarted}
{"logTime": "0210/144535", "correlationVector":"74MOaZLMkAsImIKbgUjZTY.1","action":"SyncServerConnectionManagerRequest", "result":"SYNC_SERVER_OK", "context":{"environment":"Prod_westeurope_prod-s01-079-eur-westeurope", "migrationStage":"NotStarted", "server":"akswtt005000030"}}
{"logTime": "0210/144536", "correlationVector":"WG6QxmLdnrzqM2taxMNtGB","action":"SyncServerConnectionManagerRequest", "result":"SYNC_SERVER_OK", "context":{"environment":"", "migrationStage":"", "server":""}}
{"logTime": "0210/144537", "correlationVector":"74MOaZLMkAsImIKbgUjZTY","action":"Initial GetUpdates", "result":"", "context":Reason: NEW_CLIENT. cV=74MOaZLMkAsImIKbgUjZTY}
{"logTime": "0210/144537", "correlationVector":"74MOaZLMkAsImIKbgUjZTY.2","action":"GetUpdates Response", "result":"Success", "context":Received 1 update(s). cV=74MOaZLMkAsImIKbgUjZTY.0;server=akswtt005000030;cloudType=Consumer;environment=Prod_westeurope_prod-s01-079-eur-westeurope;migrationStage=NotStarted}
{"logTime": "0210/144537", "correlationVector":"Volk7qnUSbQtHxLOkNeEha","action":"Initial GetUpdates", "result":"", "context":Reason: NEWLY_SUPPORTED_DATATYPE. cV=Volk7qnUSbQtHxLOkNeEha}
{"logTime": "0210/144537", "correlationVector":"Volk7qnUSbQtHxLOkNeEha.1","action":"SyncServerConnectionManagerRequest", "result":"SYNC_SERVER_OK", "context":{"environment":"Prod_westeurope_prod-s01-079-eur-westeurope", "migrationStage":"NotStarted", "server":"akswtt00500001a"}}
{"logTime": "0210/144537", "correlationVector":"Volk7qnUSbQtHxLOkNeEha.2","action":"GetUpdates", "result":"DeleteReceived", "context":{"id":"dd19aa7c-6faa-4c3b-9350-0b61135c0ae7", "isDeleted:":"true", "version":"1730690977341"}}
{"logTime": "0210/144537", "correlationVector":"Volk7qnUSbQtHxLOkNeEha.3","action":"GetUpdates", "result":"DeleteReceived", "context":{"id":"b6daa503-6602-4ed4-ab9b-1b9af68823fb", "isDeleted:":"true", "version":"1730690978963"}}
{"logTime": "0210/144537", "correlationVector":"Volk7qnUSbQtHxLOkNeEha.4","action":"GetUpdates", "result":"DeleteReceived", "context":{"id":"757ad6d8-cc31-49ce-b4e3-2b85683dad2f", "isDeleted:":"true", "version":"1730690980180"}}
{"logTime": "0210/144537", "correlationVector":"Volk7qnUSbQtHxLOkNeEha.5","action":"GetUpdates", "result":"DeleteReceived", "context":{"id":"34ce98f4-2f53-4eef-9169-5fc1ee574644", "isDeleted:":"true", "version":"1736155671029"}}
{"logTime": "0210/144537", "correlationVector":"Volk7qnUSbQtHxLOkNeEha.6","action":"GetUpdates Response", "result":"Success", "context":Received 44 update(s). cV=Volk7qnUSbQtHxLOkNeEha.0;server=akswtt00500001a;cloudType=Consumer;environment=Prod_westeurope_prod-s01-079-eur-westeurope;migrationStage=NotStarted}
{"logTime": "0210/144537", "correlationVector":"2dZ2Qz7hOF7Zv9lHUn52LS","action":"Normal GetUpdate request", "result":"", "context":cV=2dZ2Qz7hOF7Zv9lHUn52LS
Nudged types: Sessions, History
Refresh requested types: Bookmarks, Preferences, Passwords, Autofill Profiles, Autofill, Extensions, Sessions, Extension settings, History Delete Directives, Device Info, User Consents, Send Tab To Self, Web Apps, History, Collection, Edge E Drop, Edge Hub App Usage, Edge Tab Group, Edge Wallet, Encryption Keys}
{"logTime": "0210/144537", "correlationVector":"2dZ2Qz7hOF7Zv9lHUn52LS.1","action":"SyncServerConnectionManagerRequest", "result":"SYNC_SERVER_OK", "context":{"environment":"Prod_westeurope_prod-s01-079-eur-westeurope", "migrationStage":"NotStarted", "server":"akswtt00500001z"}}
{"logTime": "0210/144537", "correlationVector":"2dZ2Qz7hOF7Zv9lHUn52LS.2","action":"GetUpdates", "result":"DeleteReceived", "context":{"id":"2f997bda-32e6-479d-8031-e0c206a46cff", "isDeleted:":"true", "version":"1739195125323"}}
{"logTime": "0210/144537", "correlationVector":"2dZ2Qz7hOF7Zv9lHUn52LS.3","action":"GetUpdates", "result":"DeleteReceived", "context":{"id":"f3cc30c2-8a30-49e8-8e78-93c4db9323d4", "isDeleted:":"true", "version":"1739196428597"}}
{"logTime": "0210/144537", "correlationVector":"2dZ2Qz7hOF7Zv9lHUn52LS.4","action":"GetUpdates", "result":"DeleteReceived", "context":{"id":"dbc461af-3739-48a4-aa04-9030cf4e255f", "isDeleted:":"true", "version":"1739196652721"}}
{"logTime": "0210/144537", "correlationVector":"2dZ2Qz7hOF7Zv9lHUn52LS.5","action":"GetUpdates Response", "result":"Success", "context":Received 47 update(s). cV=2dZ2Qz7hOF7Zv9lHUn52LS.0;server=akswtt00500001z;cloudType=Consumer;environment=Prod_westeurope_prod-s01-079-eur-westeurope;migrationStage=NotStarted}
{"logTime": "0210/144537", "correlationVector":"xoYcZamSPhJZ1C0RXXqsUh","action":"Commit Request", "result":"", "context":Item count: 5
Contributing types: Sessions, History}
{"logTime": "0210/144538", "correlationVector":"xoYcZamSPhJZ1C0RXXqsUh.1","action":"SyncServerConnectionManagerRequest", "result":"SYNC_SERVER_OK", "context":{"environment":"Prod_westeurope_prod-s01-079-eur-westeurope", "migrationStage":"NotStarted", "server":"akswtt00500000h"}}
{"logTime": "0210/144538", "correlationVector":"xoYcZamSPhJZ1C0RXXqsUh.3","action":"Commit.Sessions", "result":"Success", "context":{"id":"272db842-ebca-497b-8d5b-2e1b60057138", "isDeleted":"true", "size":"0", "version":"1739194636474"}}
{"logTime": "0210/144538", "correlationVector":"xoYcZamSPhJZ1C0RXXqsUh.2","action":"Commit Response", "result":"Success", "context":Result: Success. cV=xoYcZamSPhJZ1C0RXXqsUh.0;server=akswtt00500000h;cloudType=Consumer;environment=Prod_westeurope_prod-s01-079-eur-westeurope;migrationStage=NotStarted}
{"logTime": "0210/202754", "correlationVector":"rxTMnxhZQ/CID/14MCDDLF.1","action":"SyncServerConnectionManagerRequest", "result":"SYNC_SERVER_OK", "context":{"environment":"Prod_westeurope_prod-s01-080-eur-westeurope", "migrationStage":"NotStarted", "server":"akswtt00700004x"}}
{"logTime": "0210/202755", "correlationVector":"59mhyMIqK0vAn7kOgoQZDZ","action":"SyncServerConnectionManagerRequest", "result":"SYNC_SERVER_OK", "context":{"environment":"", "migrationStage":"", "server":""}}
{"logTime": "0210/202755", "correlationVector":"rxTMnxhZQ/CID/14MCDDLF","action":"Initial GetUpdates", "result":"", "context":Reason: NEW_CLIENT. cV=rxTMnxhZQ/CID/14MCDDLF}
{"logTime": "0210/202755", "correlationVector":"rxTMnxhZQ/CID/14MCDDLF.2","action":"GetUpdates Response", "result":"Success", "context":Received 1 update(s). cV=rxTMnxhZQ/CID/14MCDDLF.0;server=akswtt00700004x;cloudType=Consumer;environment=Prod_westeurope_prod-s01-080-eur-westeurope;migrationStage=NotStarted}
{"logTime": "0210/202755", "correlationVector":"Z7mPzpseyym1YerqHuZyEa","action":"Initial GetUpdates", "result":"", "context":Reason: NEWLY_SUPPORTED_DATATYPE. cV=Z7mPzpseyym1YerqHuZyEa}
{"logTime": "0210/202756", "correlationVector":"Z7mPzpseyym1YerqHuZyEa.1","action":"SyncServerConnectionManagerRequest", "result":"SYNC_SERVER_OK", "context":{"environment":"Prod_westeurope_prod-s01-080-eur-westeurope", "migrationStage":"NotStarted", "server":"akswtt00700001b"}}
{"logTime": "0210/202756", "correlationVector":"Z7mPzpseyym1YerqHuZyEa.2","action":"GetUpdates", "result":"DeleteReceived", "context":{"id":"dd19aa7c-6faa-4c3b-9350-0b61135c0ae7", "isDeleted:":"true", "version":"1730690977341"}}
{"logTime": "0210/202756", "correlationVector":"Z7mPzpseyym1YerqHuZyEa.3","action":"GetUpdates", "result":"DeleteReceived", "context":{"id":"b6daa503-6602-4ed4-ab9b-1b9af68823fb", "isDeleted:":"true", "version":"1730690978963"}}
{"logTime": "0210/202756", "correlationVector":"Z7mPzpseyym1YerqHuZyEa.4","action":"GetUpdates", "result":"DeleteReceived", "context":{"id":"757ad6d8-cc31-49ce-b4e3-2b85683dad2f", "isDeleted:":"true", "version":"1730690980180"}}
{"logTime": "0210/202756", "correlationVector":"Z7mPzpseyym1YerqHuZyEa.5","action":"GetUpdates", "result":"DeleteReceived", "context":{"id":"34ce98f4-2f53-4eef-9169-5fc1ee574644", "isDeleted:":"true", "version":"1736155671029"}}
{"logTime": "0210/202756", "correlationVector":"Z7mPzpseyym1YerqHuZyEa.6","action":"GetUpdates Response", "result":"Success", "context":Received 44 update(s). cV=Z7mPzpseyym1YerqHuZyEa.0;server=akswtt00700001b;cloudType=Consumer;environment=Prod_westeurope_prod-s01-080-eur-westeurope;migrationStage=NotStarted}
{"logTime": "0210/202756", "correlationVector":"oJAgtIyRFtrpZenQn4++U0","action":"Normal GetUpdate request", "result":"", "context":cV=oJAgtIyRFtrpZenQn4++U0
Nudged types: Sessions, History
Refresh requested types: Bookmarks, Preferences, Passwords, Autofill Profiles, Autofill, Extensions, Sessions, Extension settings, History Delete Directives, Device Info, User Consents, Send Tab To Self, Web Apps, History, Collection, Edge E Drop, Edge Hub App Usage, Edge Tab Group, Edge Wallet, Encryption Keys}
{"logTime": "0210/202757", "correlationVector":"oJAgtIyRFtrpZenQn4++U0.1","action":"SyncServerConnectionManagerRequest", "result":"SYNC_SERVER_OK", "context":{"environment":"Prod_westeurope_prod-s01-080-eur-westeurope", "migrationStage":"NotStarted", "server":"akswtt00700001o"}}
{"logTime": "0210/202757", "correlationVector":"oJAgtIyRFtrpZenQn4++U0.2","action":"GetUpdates", "result":"DeleteReceived", "context":{"id":"272db842-ebca-497b-8d5b-2e1b60057138", "isDeleted:":"true", "version":"1739198735030"}}
{"logTime": "0210/202757", "correlationVector":"oJAgtIyRFtrpZenQn4++U0.3","action":"GetUpdates", "result":"DeleteReceived", "context":{"id":"076bda6c-1102-4cc8-85ea-fac24cf611e3", "isDeleted:":"true", "version":"1739201507550"}}
{"logTime": "0210/202757", "correlationVector":"oJAgtIyRFtrpZenQn4++U0.4","action":"GetUpdates", "result":"DeleteReceived", "context":{"id":"8dd8fd8f-bfc4-489e-8634-2a5abf1c78fb", "isDeleted:":"true", "version":"1739201668669"}}
{"logTime": "0210/202757", "correlationVector":"oJAgtIyRFtrpZenQn4++U0.5","action":"GetUpdates", "result":"DeleteReceived", "context":{"id":"4e65d0c8-3520-4fc2-bdea-cba33f22164e", "isDeleted:":"true", "version":"1739202319467"}}
{"logTime": "0210/202757", "correlationVector":"oJAgtIyRFtrpZenQn4++U0.6","action":"GetUpdates", "result":"DeleteReceived", "context":{"id":"e947eb8b-b147-4d75-9127-b0a7ea663c88", "isDeleted:":"true", "version":"1739203322013"}}
{"logTime": "0210/202757", "correlationVector":"oJAgtIyRFtrpZenQn4++U0.7","action":"GetUpdates", "result":"DeleteReceived", "context":{"id":"228d670b-1428-4b0c-9a16-9f86ba41c5e6", "isDeleted:":"true", "version":"1739203322014"}}
{"logTime": "0210/202757", "correlationVector":"oJAgtIyRFtrpZenQn4++U0.8","action":"GetUpdates", "result":"DeleteReceived", "context":{"id":"fab4157e-f269-4f85-9fe4-aeb3a47248b1", "isDeleted:":"true", "version":"1739204011125"}}
{"logTime": "0210/202757", "correlationVector":"oJAgtIyRFtrpZenQn4++U0.9","action":"GetUpdates", "result":"DeleteReceived", "context":{"id":"4c23689f-1097-4859-9526-44af939d422f", "isDeleted:":"true", "version":"1739204329888"}}
{"logTime": "0210/202757", "correlationVector":"oJAgtIyRFtrpZenQn4++U0.10","action":"GetUpdates", "result":"DeleteReceived", "context":{"id":"fbd33046-f600-4c3d-9c9c-3b39cf474aaa", "isDeleted:":"true", "version":"1739204657522"}}
{"logTime": "0210/202757", "correlationVector":"oJAgtIyRFtrpZenQn4++U0.11","action":"GetUpdates", "result":"DeleteReceived", "context":{"id":"30b1203c-0f59-4526-a7d0-635dce58b509", "isDeleted:":"true", "version":"1739205547818"}}
{"logTime": "0210/202757", "correlationVector":"oJAgtIyRFtrpZenQn4++U0.12","action":"GetUpdates", "result":"DeleteReceived", "context":{"id":"4a913dbe-8ce7-49f1-b229-990b824944b3", "isDeleted:":"true", "version":"1739205858177"}}
{"logTime": "0210/202757", "correlationVector":"oJAgtIyRFtrpZenQn4++U0.13","action":"GetUpdates", "result":"DeleteReceived", "context":{"id":"5a0df882-6f33-49fd-b178-2354efeb7ce3", "isDeleted:":"true", "version":"1739206391405"}}
{"logTime": "0210/202757", "correlationVector":"oJAgtIyRFtrpZenQn4++U0.14","action":"GetUpdates", "result":"DeleteReceived", "context":{"id":"5f0f87ca-14ac-4180-a309-48367e0ccf82", "isDeleted:":"true", "version":"1739206391407"}}
{"logTime": "0210/202757", "correlationVector":"oJAgtIyRFtrpZenQn4++U0.15","action":"GetUpdates", "result":"DeleteReceived", "context":{"id":"966869a9-3d5a-4468-bf37-fcd3500d7774", "isDeleted:":"true", "version":"1739206584333"}}
{"logTime": "0210/202757", "correlationVector":"oJAgtIyRFtrpZenQn4++U0.16","action":"GetUpdates", "result":"DeleteReceived", "context":{"id":"c36fcbaf-86bf-4aa5-9f19-7c91e9f338f3", "isDeleted:":"true", "version":"1739206645621"}}
{"logTime": "0210/202757", "correlationVector":"oJAgtIyRFtrpZenQn4++U0.17","action":"GetUpdates", "result":"DeleteReceived", "context":{"id":"1a665307-b85b-4dd7-8071-898796344c79", "isDeleted:":"true", "version":"1739206645624"}}
{"logTime": "0210/202757", "correlationVector":"oJAgtIyRFtrpZenQn4++U0.18","action":"GetUpdates", "result":"DeleteReceived", "context":{"id":"2683562c-5c2b-4040-9732-8b24f259509f", "isDeleted:":"true", "version":"1739207312671"}}
{"logTime": "0210/202757", "correlationVector":"oJAgtIyRFtrpZenQn4++U0.19","action":"GetUpdates", "result":"DeleteReceived", "context":{"id":"4f07a635-09a0-420b-a09b-097f5e97b3c0", "isDeleted:":"true", "version":"1739207312673"}}
{"logTime": "0210/202757", "correlationVector":"oJAgtIyRFtrpZenQn4++U0.20","action":"GetUpdates", "result":"DeleteReceived", "context":{"id":"ea4f5633-5cf1-40a9-a0b4-1d6466aeb956", "isDeleted:":"true", "version":"1739207977037"}}
{"logTime": "0210/202757", "correlationVector":"oJAgtIyRFtrpZenQn4++U0.21","action":"GetUpdates", "result":"DeleteReceived", "context":{"id":"408dc496-8b28-4b0c-8699-8231efd57383", "isDeleted:":"true", "version":"1739208454709"}}
{"logTime": "0210/202757", "correlationVector":"oJAgtIyRFtrpZenQn4++U0.22","action":"GetUpdates", "result":"DeleteReceived", "context":{"id":"2639b9da-4bcf-4766-a50a-28610255685f", "isDeleted:":"true", "version":"1739208454711"}}
{"logTime": "0210/202757", "correlationVector":"oJAgtIyRFtrpZenQn4++U0.23","action":"GetUpdates", "result":"DeleteReceived", "context":{"id":"1f027304-1475-49d4-808b-f24d2f60fd91", "isDeleted:":"true", "version":"1739208454712"}}
{"logTime": "0210/202757", "correlationVector":"oJAgtIyRFtrpZenQn4++U0.24","action":"GetUpdates", "result":"DeleteReceived", "context":{"id":"8f15889f-3134-4b82-80ea-4e15c41b1171", "isDeleted:":"true", "version":"1739208758229"}}
{"logTime": "0210/202757", "correlationVector":"oJAgtIyRFtrpZenQn4++U0.25","action":"GetUpdates", "result":"DeleteReceived", "context":{"id":"352d7195-9570-4e09-a638-f11377cedf9b", "isDeleted:":"true", "version":"1739209799134"}}
{"logTime": "0210/202757", "correlationVector":"oJAgtIyRFtrpZenQn4++U0.26","action":"GetUpdates", "result":"DeleteReceived", "context":{"id":"06a12908-eb7b-4873-9137-4122eb5b9127", "isDeleted:":"true", "version":"1739210676127"}}
{"logTime": "0210/202757", "correlationVector":"oJAgtIyRFtrpZenQn4++U0.27","action":"GetUpdates", "result":"DeleteReceived", "context":{"id":"a3173c30-4660-4da5-a6f4-189ba42d66f1", "isDeleted:":"true", "version":"1739210690588"}}
{"logTime": "0210/202757", "correlationVector":"oJAgtIyRFtrpZenQn4++U0.28","action":"GetUpdates", "result":"DeleteReceived", "context":{"id":"019a62b1-90e9-41ba-b9af-5cdc58e2fb0f", "isDeleted:":"true", "version":"1739210706594"}}
{"logTime": "0210/202757", "correlationVector":"oJAgtIyRFtrpZenQn4++U0.29","action":"GetUpdates", "result":"DeleteReceived", "context":{"id":"9acc7130-90e6-4bef-9d52-a515bf57f47e", "isDeleted:":"true", "version":"1739210706596"}}
{"logTime": "0210/202757", "correlationVector":"oJAgtIyRFtrpZenQn4++U0.30","action":"GetUpdates Response", "result":"Success", "context":Received 290 update(s). cV=oJAgtIyRFtrpZenQn4++U0.0;server=akswtt00700001o;cloudType=Consumer;environment=Prod_westeurope_prod-s01-080-eur-westeurope;migrationStage=NotStarted Some updates remain.}
{"logTime": "0210/202757", "correlationVector":"DwwjHi7JazqbifoAl+0IFH","action":"Normal GetUpdate request", "result":"", "context":cV=DwwjHi7JazqbifoAl+0IFH
Nudged types: Sessions, History
Refresh requested types: Bookmarks, Preferences, Passwords, Autofill Profiles, Autofill, Extensions, Sessions, Extension settings, History Delete Directives, Device Info, User Consents, Send Tab To Self, Web Apps, History, Collection, Edge E Drop, Edge Hub App Usage, Edge Tab Group, Edge Wallet, Encryption Keys}
{"logTime": "0210/202757", "correlationVector":"DwwjHi7JazqbifoAl+0IFH.1","action":"SyncServerConnectionManagerRequest", "result":"SYNC_SERVER_OK", "context":{"environment":"Prod_westeurope_prod-s01-080-eur-westeurope", "migrationStage":"NotStarted", "server":"akswtt00700003f"}}
{"logTime": "0210/202757", "correlationVector":"DwwjHi7JazqbifoAl+0IFH.2","action":"GetUpdates", "result":"DeleteReceived", "context":{"id":"c5fc7cee-07e4-45c9-a4b2-a0cba7cfdce6", "isDeleted:":"true", "version":"1739216441599"}}
{"logTime": "0210/202757", "correlationVector":"DwwjHi7JazqbifoAl+0IFH.3","action":"GetUpdates", "result":"DeleteReceived", "context":{"id":"e0db3d74-d9bc-40b7-af6d-29af0a37b3e7", "isDeleted:":"true", "version":"1739211949446"}}
{"logTime": "0210/202757", "correlationVector":"DwwjHi7JazqbifoAl+0IFH.4","action":"GetUpdates", "result":"DeleteReceived", "context":{"id":"98310098-2d3c-4532-91af-070185402069", "isDeleted:":"true", "version":"1739213246583"}}
{"logTime": "0210/202757", "correlationVector":"DwwjHi7JazqbifoAl+0IFH.5","action":"GetUpdates", "result":"DeleteReceived", "context":{"id":"fcf67bc3-af73-4b6e-b2bf-a7805c9cbb2d", "isDeleted:":"true", "version":"1739213251809"}}
{"logTime": "0210/202757", "correlationVector":"DwwjHi7JazqbifoAl+0IFH.6","action":"GetUpdates", "result":"DeleteReceived", "context":{"id":"74873623-db19-45f7-b848-b1436a503124", "isDeleted:":"true", "version":"1739213617638"}}
{"logTime": "0210/202757", "correlationVector":"DwwjHi7JazqbifoAl+0IFH.7","action":"GetUpdates", "result":"DeleteReceived", "context":{"id":"01f445c5-3e6f-43bc-9dfd-4c906e2b6cd2", "isDeleted:":"true", "version":"1739213617640"}}
{"logTime": "0210/202757", "correlationVector":"DwwjHi7JazqbifoAl+0IFH.8","action":"GetUpdates", "result":"DeleteReceived", "context":{"id":"6f37f36c-c0ce-43fa-93c5-cc5fd9fef1f7", "isDeleted:":"true", "version":"1739213680149"}}
{"logTime": "0210/202757", "correlationVector":"DwwjHi7JazqbifoAl+0IFH.9","action":"GetUpdates", "result":"DeleteReceived", "context":{"id":"cc583e27-0047-40ed-814f-ba33424dfbc4", "isDeleted:":"true", "version":"1739215537371"}}
{"logTime": "0210/202757", "correlationVector":"DwwjHi7JazqbifoAl+0IFH.10","action":"GetUpdates", "result":"DeleteReceived", "context":{"id":"273bc0d1-06a4-416e-98b2-8edb078aa362", "isDeleted:":"true", "version":"1739217221019"}}
{"logTime": "0210/202757", "correlationVector":"DwwjHi7JazqbifoAl+0IFH.11","action":"GetUpdates", "result":"DeleteReceived", "context":{"id":"80822e5d-39fa-48eb-a487-10723b575ddd", "isDeleted:":"true", "version":"1739218984493"}}
{"logTime": "0210/202757", "correlationVector":"DwwjHi7JazqbifoAl+0IFH.12","action":"GetUpdates Response", "result":"Success", "context":Received 122 update(s). cV=DwwjHi7JazqbifoAl+0IFH.0;server=akswtt00700003f;cloudType=Consumer;environment=Prod_westeurope_prod-s01-080-eur-westeurope;migrationStage=NotStarted}
{"logTime": "0210/202757", "correlationVector":"wAq5lXrU55MqQrjdUyEn3W","action":"Commit Request", "result":"", "context":Item count: 14
Contributing types: Sessions, History}
{"logTime": "0210/202758", "correlationVector":"wAq5lXrU55MqQrjdUyEn3W.1","action":"SyncServerConnectionManagerRequest", "result":"SYNC_SERVER_OK", "context":{"environment":"Prod_westeurope_prod-s01-080-eur-westeurope", "migrationStage":"NotStarted", "server":"akswtt00700001b"}}
{"logTime": "0210/202758", "correlationVector":"wAq5lXrU55MqQrjdUyEn3W.2","action":"Commit Response", "result":"Success", "context":Result: Success. cV=wAq5lXrU55MqQrjdUyEn3W.0;server=akswtt00700001b;cloudType=Consumer;environment=Prod_westeurope_prod-s01-080-eur-westeurope;migrationStage=NotStarted}
{"logTime": "0210/202758", "correlationVector":"wAq5lXrU55MqQrjdUyEn3W.3","action":"Commit.Sessions", "result":"Success", "context":{"id":"e82ea454-edfc-470c-916a-cc7f4d36b591", "isDeleted":"true", "size":"0", "version":"1739198735028"}}
{"logTime": "0210/202854", "correlationVector":"klQ0dQ8ceQcRVO/hJsyoBl","action":"Commit Request", "result":"", "context":Item count: 7
Contributing types: Sessions, History}
{"logTime": "0210/202855", "correlationVector":"klQ0dQ8ceQcRVO/hJsyoBl.1","action":"SyncServerConnectionManagerRequest", "result":"SYNC_SERVER_OK", "context":{"environment":"Prod_westeurope_prod-s01-080-eur-westeurope", "migrationStage":"NotStarted", "server":"akswtt00700004x"}}
{"logTime": "0210/202855", "correlationVector":"klQ0dQ8ceQcRVO/hJsyoBl.2","action":"Commit Response", "result":"Success", "context":Result: Success. cV=klQ0dQ8ceQcRVO/hJsyoBl.0;server=akswtt00700004x;cloudType=Consumer;environment=Prod_westeurope_prod-s01-080-eur-westeurope;migrationStage=NotStarted}
{"logTime": "0210/203148", "correlationVector":"RPPtnt39fR5rqjAUi6UA2U","action":"Commit Request", "result":"", "context":Item count: 5
Contributing types: Sessions, History}
{"logTime": "0210/203148", "correlationVector":"RPPtnt39fR5rqjAUi6UA2U.1","action":"SyncServerConnectionManagerRequest", "result":"SYNC_SERVER_OK", "context":{"environment":"Prod_westeurope_prod-s01-080-eur-westeurope", "migrationStage":"NotStarted", "server":"akswtt00700001o"}}
{"logTime": "0210/203148", "correlationVector":"RPPtnt39fR5rqjAUi6UA2U.2","action":"Commit Response", "result":"Success", "context":Result: Success. cV=RPPtnt39fR5rqjAUi6UA2U.0;server=akswtt00700001o;cloudType=Consumer;environment=Prod_westeurope_prod-s01-080-eur-westeurope;migrationStage=NotStarted}
{"logTime": "0210/203257", "correlationVector":"10t5z/2aly51qq1mhcOFeG","action":"Commit Request", "result":"", "context":Item count: 4
Contributing types: Sessions, History}
{"logTime": "0210/203258", "correlationVector":"10t5z/2aly51qq1mhcOFeG.1","action":"SyncServerConnectionManagerRequest", "result":"SYNC_SERVER_OK", "context":{"environment":"Prod_francecentral_prod-s01-062-eur-francecentral", "migrationStage":"NotStarted", "server":"akswtt004000032"}}
{"logTime": "0210/203258", "correlationVector":"10t5z/2aly51qq1mhcOFeG.2","action":"Commit Response", "result":"Success", "context":Result: Success. cV=10t5z/2aly51qq1mhcOFeG.0;server=akswtt004000032;cloudType=Consumer;environment=Prod_francecentral_prod-s01-062-eur-francecentral;migrationStage=NotStarted}
{"logTime": "0210/203312", "correlationVector":"Ul4jkHb2Yv+iWKB8+urVw4","action":"Normal GetUpdate request", "result":"", "context":cV=Ul4jkHb2Yv+iWKB8+urVw4
Notified types: Device Info}
{"logTime": "0210/203312", "correlationVector":"Ul4jkHb2Yv+iWKB8+urVw4.1","action":"SyncServerConnectionManagerRequest", "result":"SYNC_SERVER_OK", "context":{"environment":"Prod_francecentral_prod-s01-062-eur-francecentral", "migrationStage":"NotStarted", "server":"akswtt00400000u"}}
{"logTime": "0210/203312", "correlationVector":"Ul4jkHb2Yv+iWKB8+urVw4.2","action":"GetUpdates", "result":"DeleteReceived", "context":{"id":"e82ea454-edfc-470c-916a-cc7f4d36b591", "isDeleted:":"true", "version":"1739219274165"}}
{"logTime": "0210/203312", "correlationVector":"Ul4jkHb2Yv+iWKB8+urVw4.3","action":"GetUpdates Response", "result":"Success", "context":Received 26 update(s). cV=Ul4jkHb2Yv+iWKB8+urVw4.0;server=akswtt00400000u;cloudType=Consumer;environment=Prod_francecentral_prod-s01-062-eur-francecentral;migrationStage=NotStarted}
{"logTime": "0210/203315", "correlationVector":"hd8JpuoCwHEAGdK+yMJmjK","action":"Normal GetUpdate request", "result":"", "context":cV=hd8JpuoCwHEAGdK+yMJmjK
Notified types: History}
{"logTime": "0210/203315", "correlationVector":"hd8JpuoCwHEAGdK+yMJmjK.1","action":"SyncServerConnectionManagerRequest", "result":"SYNC_SERVER_OK", "context":{"environment":"Prod_francecentral_prod-s01-062-eur-francecentral", "migrationStage":"NotStarted", "server":"akswtt00400001v"}}
{"logTime": "0210/203315", "correlationVector":"hd8JpuoCwHEAGdK+yMJmjK.2","action":"GetUpdates Response", "result":"Success", "context":Received 4 update(s). cV=hd8JpuoCwHEAGdK+yMJmjK.0;server=akswtt00400001v;cloudType=Consumer;environment=Prod_francecentral_prod-s01-062-eur-francecentral;migrationStage=NotStarted}
{"logTime": "0210/203416", "correlationVector":"gcNaHXHmdRUkberh1ft2I8","action":"Normal GetUpdate request", "result":"", "context":cV=gcNaHXHmdRUkberh1ft2I8
Notified types: History}
{"logTime": "0210/203420", "correlationVector":"gcNaHXHmdRUkberh1ft2I8.1","action":"SyncServerConnectionManagerRequest", "result":"SYNC_SERVER_OK", "context":{"environment":"Prod_westeurope_prod-s01-080-eur-westeurope", "migrationStage":"NotStarted", "server":"akswtt00700004x"}}
{"logTime": "0210/203420", "correlationVector":"gcNaHXHmdRUkberh1ft2I8.2","action":"GetUpdates Response", "result":"Success", "context":Received 5 update(s). cV=gcNaHXHmdRUkberh1ft2I8.0;server=akswtt00700004x;cloudType=Consumer;environment=Prod_westeurope_prod-s01-080-eur-westeurope;migrationStage=NotStarted}
{"logTime": "0210/203420", "correlationVector":"FGDhPHyK2m9Di83ZYu9hop","action":"DoCompareDataConsistency requsted types: ", "result":"Bookmarks, Preferences, Passwords, Extensions, Extension settings, History Delete Directives, Send Tab To Self, Web Apps, History, Collection, Edge E Drop, Edge Tab Group, Edge Wallet, Encryption Keys"}
{"logTime": "0210/203420", "correlationVector":"FGDhPHyK2m9Di83ZYu9hop.0","action":"CompareDataConsistency result: ", "result":"Compare result: Encryption Keys is consistent. local entities count is: 1 local entities hash is: Px4hFxyF5y0QBhhEErRll1UsUUw="}
{"logTime": "0210/203420", "correlationVector":"FGDhPHyK2m9Di83ZYu9hop.1","action":"CompareDataConsistency result: ", "result":"Compare result: Bookmarks is inconsistent.After ignore ghosts in Bookmark, change from inconsistent to: still inconsistent. server entities count is: 39 server entities hash is: lCKNK+Fv/UTE/Nf65SauWdW5a+U= Server count without ghosts: 39 Server hash without ghosts: lCKNK+Fv/UTE/Nf65SauWdW5a+U= local entities count is: 36 local entities hash is: e8xjDdNFJHQM3EvkBDhSl/1MoLc="}
{"logTime": "0210/203420", "correlationVector":"FGDhPHyK2m9Di83ZYu9hop.2","action":"CompareDataConsistency result: ", "result":"Compare result: Preferences is inconsistent. server entities count is: 127 server entities hash is: Asf3QCp+1kY2ngv6s22ZcvrCUxo= local entities count is: 122 local entities hash is: LgD9qa8rs9QBb59MvmhAfspKL6Y="}
{"logTime": "0210/203420", "correlationVector":"FGDhPHyK2m9Di83ZYu9hop.3","action":"CompareDataConsistency result: ", "result":"Compare result: Extensions is inconsistent. server entities count is: 17 server entities hash is: 381qRKUNcKynJvOR8f5TAFT160w= local entities count is: 16 local entities hash is: kv2qdrsJrFnNsntOn0IScmLM/KQ="}
{"logTime": "0210/203420", "correlationVector":"FGDhPHyK2m9Di83ZYu9hop.4","action":"CompareDataConsistency result: ", "result":"Compare result: Extension settings is consistent. local entities count is: 3 local entities hash is: MMOR99QWxfISyc0Mr7dugJ4/KYw="}
{"logTime": "0210/203420", "correlationVector":"FGDhPHyK2m9Di83ZYu9hop.5","action":"CompareDataConsistency result: ", "result":"Compare result: History Delete Directives is inconsistent. server entities count is: 1 server entities hash is: cYBYWvxtSmHtwIL5ewUbNlEijGg= local entities count is: 0 local entities hash is: "}
{"logTime": "0210/203420", "correlationVector":"FGDhPHyK2m9Di83ZYu9hop.6","action":"CompareDataConsistency result: ", "result":"Server did not send this Send Tab To Self local entities count is: 0 local entities hash is: "}
{"logTime": "0210/203420", "correlationVector":"FGDhPHyK2m9Di83ZYu9hop.7","action":"CompareDataConsistency result: ", "result":"Compare result: Web Apps is consistent. local entities count is: 1 local entities hash is: 4nbbLtRYPOhaTAmlz0a3mRRSV5g="}
{"logTime": "0210/203420", "correlationVector":"FGDhPHyK2m9Di83ZYu9hop.8","action":"CompareDataConsistency result: ", "result":"Server did not send this History local entities count is: 0 local entities hash is: "}
{"logTime": "0210/203420", "correlationVector":"FGDhPHyK2m9Di83ZYu9hop.9","action":"CompareDataConsistency result: ", "result":"Compare result: Collection is consistent. local entities count is: 223 local entities hash is: HnnvK8aUrhuNGiN4won2n13tA2o="}
{"logTime": "0210/203420", "correlationVector":"FGDhPHyK2m9Di83ZYu9hop.10","action":"CompareDataConsistency result: ", "result":"Compare result: Edge E Drop is consistent. local entities count is: 0 local entities hash is: "}
{"logTime": "0210/203420", "correlationVector":"FGDhPHyK2m9Di83ZYu9hop.11","action":"CompareDataConsistency result: ", "result":"Compare result: Edge Tab Group is consistent. local entities count is: 0 local entities hash is: "}
{"logTime": "0210/203420", "correlationVector":"FGDhPHyK2m9Di83ZYu9hop.12","action":"CompareDataConsistency result: ", "result":"Compare result: Edge Wallet is consistent. local entities count is: 0 local entities hash is: "}
{"logTime": "0210/203420", "correlationVector":"FGDhPHyK2m9Di83ZYu9hop.13","action":"CompareDataConsistency result: ", "result":"Compare result: Passwords is inconsistent. server entities count is: 40 server entities hash is: WIEROy/gj4aH1QNhYQXayzlpalA= local entities count is: 33 local entities hash is: QNdAkLs4DvhqXIz3XApxDjApipc="}
{"logTime": "0210/203420", "correlationVector":"6vSGTDqTpo4zZ9VD53Dsbo","action":"Normal GetUpdate request", "result":"", "context":cV=6vSGTDqTpo4zZ9VD53Dsbo
Notified types: Device Info}
{"logTime": "0210/203420", "correlationVector":"6vSGTDqTpo4zZ9VD53Dsbo.1","action":"SyncServerConnectionManagerRequest", "result":"SYNC_SERVER_OK", "context":{"environment":"Prod_westeurope_prod-s01-080-eur-westeurope", "migrationStage":"NotStarted", "server":"akswtt00700002l"}}
{"logTime": "0210/203420", "correlationVector":"6vSGTDqTpo4zZ9VD53Dsbo.2","action":"GetUpdates Response", "result":"Success", "context":Received 1 update(s). cV=6vSGTDqTpo4zZ9VD53Dsbo.0;server=akswtt00700002l;cloudType=Consumer;environment=Prod_westeurope_prod-s01-080-eur-westeurope;migrationStage=NotStarted}
{"logTime": "0210/203420", "correlationVector":"","action":"DIAGNOSTIC_REQUEST|v1/diagnosticData/Diagnostic.SendCheckResult()|SUCCESS", "result":""}
{"logTime": "0210/203628", "correlationVector":"5AUTVevYX9Y4k7WS+fxmIM","action":"Normal GetUpdate request", "result":"", "context":cV=5AUTVevYX9Y4k7WS+fxmIM
Notified types: History}
{"logTime": "0210/203628", "correlationVector":"5AUTVevYX9Y4k7WS+fxmIM.1","action":"SyncServerConnectionManagerRequest", "result":"SYNC_SERVER_OK", "context":{"environment":"Prod_westeurope_prod-s01-079-eur-westeurope", "migrationStage":"NotStarted", "server":"akswtt00500001f"}}
{"logTime": "0210/203628", "correlationVector":"5AUTVevYX9Y4k7WS+fxmIM.2","action":"GetUpdates Response", "result":"Success", "context":Received 19 update(s). cV=5AUTVevYX9Y4k7WS+fxmIM.0;server=akswtt00500001f;cloudType=Consumer;environment=Prod_westeurope_prod-s01-079-eur-westeurope;migrationStage=NotStarted}
{"logTime": "0210/203835", "correlationVector":"/Lf0ZVPdRHFPPA+FuJ356/","action":"Commit Request", "result":"", "context":Item count: 4
Contributing types: Sessions, History}
{"logTime": "0210/203836", "correlationVector":"/Lf0ZVPdRHFPPA+FuJ356/.1","action":"SyncServerConnectionManagerRequest", "result":"SYNC_SERVER_OK", "context":{"environment":"Prod_westeurope_prod-s01-080-eur-westeurope", "migrationStage":"NotStarted", "server":"akswtt00700001u"}}
{"logTime": "0210/203836", "correlationVector":"/Lf0ZVPdRHFPPA+FuJ356/.2","action":"Commit Response", "result":"Success", "context":Result: Success. cV=/Lf0ZVPdRHFPPA+FuJ356/.0;server=akswtt00700001u;cloudType=Consumer;environment=Prod_westeurope_prod-s01-080-eur-westeurope;migrationStage=NotStarted}
{"logTime": "0210/204218", "correlationVector":"HG45SfM/kAEAcN9Ij7Y6uM.1","action":"SyncServerConnectionManagerRequest", "result":"SYNC_SERVER_OK", "context":{"environment":"Prod_westeurope_prod-s01-080-eur-westeurope", "migrationStage":"NotStarted", "server":"akswtt00700002l"}}
{"logTime": "0210/204219", "correlationVector":"jR0cdA1LyUkMBEKH80NrpX","action":"SyncServerConnectionManagerRequest", "result":"SYNC_SERVER_OK", "context":{"environment":"", "migrationStage":"", "server":""}}
{"logTime": "0210/204219", "correlationVector":"HG45SfM/kAEAcN9Ij7Y6uM","action":"Initial GetUpdates", "result":"", "context":Reason: NEW_CLIENT. cV=HG45SfM/kAEAcN9Ij7Y6uM}
{"logTime": "0210/204219", "correlationVector":"HG45SfM/kAEAcN9Ij7Y6uM.2","action":"GetUpdates Response", "result":"Success", "context":Received 1 update(s). cV=HG45SfM/kAEAcN9Ij7Y6uM.0;server=akswtt00700002l;cloudType=Consumer;environment=Prod_westeurope_prod-s01-080-eur-westeurope;migrationStage=NotStarted}
{"logTime": "0210/204219", "correlationVector":"/rk7QRinusn3obYCoJs0Fc","action":"Initial GetUpdates", "result":"", "context":Reason: NEWLY_SUPPORTED_DATATYPE. cV=/rk7QRinusn3obYCoJs0Fc}
{"logTime": "0210/204220", "correlationVector":"/rk7QRinusn3obYCoJs0Fc.1","action":"SyncServerConnectionManagerRequest", "result":"SYNC_SERVER_OK", "context":{"environment":"Prod_westeurope_prod-s01-080-eur-westeurope", "migrationStage":"NotStarted", "server":"akswtt00700002n"}}
{"logTime": "0210/204220", "correlationVector":"/rk7QRinusn3obYCoJs0Fc.2","action":"GetUpdates", "result":"DeleteReceived", "context":{"id":"dd19aa7c-6faa-4c3b-9350-0b61135c0ae7", "isDeleted:":"true", "version":"1730690977341"}}
{"logTime": "0210/204220", "correlationVector":"/rk7QRinusn3obYCoJs0Fc.3","action":"GetUpdates", "result":"DeleteReceived", "context":{"id":"b6daa503-6602-4ed4-ab9b-1b9af68823fb", "isDeleted:":"true", "version":"1730690978963"}}
{"logTime": "0210/204220", "correlationVector":"/rk7QRinusn3obYCoJs0Fc.4","action":"GetUpdates", "result":"DeleteReceived", "context":{"id":"757ad6d8-cc31-49ce-b4e3-2b85683dad2f", "isDeleted:":"true", "version":"1730690980180"}}
{"logTime": "0210/204220", "correlationVector":"/rk7QRinusn3obYCoJs0Fc.5","action":"GetUpdates", "result":"DeleteReceived", "context":{"id":"34ce98f4-2f53-4eef-9169-5fc1ee574644", "isDeleted:":"true", "version":"1736155671029"}}
{"logTime": "0210/204220", "correlationVector":"/rk7QRinusn3obYCoJs0Fc.6","action":"GetUpdates Response", "result":"Success", "context":Received 44 update(s). cV=/rk7QRinusn3obYCoJs0Fc.0;server=akswtt00700002n;cloudType=Consumer;environment=Prod_westeurope_prod-s01-080-eur-westeurope;migrationStage=NotStarted}
{"logTime": "0210/204220", "correlationVector":"n/bjhuXd5aBA2CJNUSkkuy","action":"Normal GetUpdate request", "result":"", "context":cV=n/bjhuXd5aBA2CJNUSkkuy
Nudged types: Sessions, History
Refresh requested types: Bookmarks, Preferences, Passwords, Autofill Profiles, Autofill, Extensions, Sessions, Extension settings, History Delete Directives, Device Info, User Consents, Send Tab To Self, Web Apps, History, Collection, Edge E Drop, Edge Hub App Usage, Edge Tab Group, Edge Wallet, Encryption Keys}
{"logTime": "0210/204220", "correlationVector":"n/bjhuXd5aBA2CJNUSkkuy.1","action":"SyncServerConnectionManagerRequest", "result":"SYNC_SERVER_OK", "context":{"environment":"Prod_westeurope_prod-s01-080-eur-westeurope", "migrationStage":"NotStarted", "server":"akswtt00700002d"}}
{"logTime": "0210/204220", "correlationVector":"n/bjhuXd5aBA2CJNUSkkuy.2","action":"GetUpdates Response", "result":"Success", "context":Received 6 update(s). cV=n/bjhuXd5aBA2CJNUSkkuy.0;server=akswtt00700002d;cloudType=Consumer;environment=Prod_westeurope_prod-s01-080-eur-westeurope;migrationStage=NotStarted}
{"logTime": "0210/204220", "correlationVector":"oM4AxZu6UCQVB8PluW79tt","action":"Commit Request", "result":"", "context":Item count: 3
Contributing types: Sessions}
{"logTime": "0210/204220", "correlationVector":"oM4AxZu6UCQVB8PluW79tt.1","action":"SyncServerConnectionManagerRequest", "result":"SYNC_SERVER_OK", "context":{"environment":"Prod_westeurope_prod-s01-080-eur-westeurope", "migrationStage":"NotStarted", "server":"akswtt00700004q"}}
{"logTime": "0210/204220", "correlationVector":"oM4AxZu6UCQVB8PluW79tt.3","action":"Commit.Sessions", "result":"Success", "context":{"id":"971f113f-caa1-4ec8-b1b3-df033f7169d8", "isDeleted":"true", "size":"0", "version":"1739219912267"}}
{"logTime": "0210/204220", "correlationVector":"oM4AxZu6UCQVB8PluW79tt.2","action":"Commit Response", "result":"Success", "context":Result: Success. cV=oM4AxZu6UCQVB8PluW79tt.0;server=akswtt00700004q;cloudType=Consumer;environment=Prod_westeurope_prod-s01-080-eur-westeurope;migrationStage=NotStarted}
{"logTime": "0210/204319", "correlationVector":"c4sgOqILimmQxkEIvGHZTh","action":"Commit Request", "result":"", "context":Item count: 7
Contributing types: Sessions, History}
{"logTime": "0210/204319", "correlationVector":"c4sgOqILimmQxkEIvGHZTh.1","action":"SyncServerConnectionManagerRequest", "result":"SYNC_SERVER_OK", "context":{"environment":"Prod_westeurope_prod-s01-080-eur-westeurope", "migrationStage":"NotStarted", "server":"akswtt00700002s"}}
{"logTime": "0210/204319", "correlationVector":"c4sgOqILimmQxkEIvGHZTh.2","action":"Commit Response", "result":"Success", "context":Result: Success. cV=c4sgOqILimmQxkEIvGHZTh.0;server=akswtt00700002s;cloudType=Consumer;environment=Prod_westeurope_prod-s01-080-eur-westeurope;migrationStage=NotStarted}
