2025-02-10 13:20:03.449: [INFO][Sync] Reset engine, reason: 8
2025-02-10 13:20:03.449: [INFO][Sync] Stopped: Bookmarks
2025-02-10 13:20:03.449: [INFO][Sync] Stopped: Preferences
2025-02-10 13:20:03.449: [INFO][Sync] Stopped: Passwords
2025-02-10 13:20:03.450: [INFO][Sync] Stopped: Autofill Profiles
2025-02-10 13:20:03.450: [INFO][Sync] Stopped: Autofill
2025-02-10 13:20:03.450: [INFO][Sync] Stopped: Extensions
2025-02-10 13:20:03.450: [INFO][Sync] Stopped: Sessions
2025-02-10 13:20:03.450: [INFO][Sync] Stopped: Extension settings
2025-02-10 13:20:03.450: [INFO][Sync] Stopped: History Delete Directives
2025-02-10 13:20:03.450: [INFO][Sync] Stopped: Device Info
2025-02-10 13:20:03.450: [INFO][Sync] Stopped: User Consents
2025-02-10 13:20:03.450: [INFO][Sync] Stopped: Send Tab To Self
2025-02-10 13:20:03.450: [INFO][Sync] Stopped: Web Apps
2025-02-10 13:20:03.450: [INFO][Sync] Stopped: History
2025-02-10 13:20:03.450: [INFO][Sync] Stopped: Collection
2025-02-10 13:20:03.450: [INFO][Sync] Stopped: Edge E Drop
2025-02-10 13:20:03.450: [INFO][Sync] Stopped: Edge Hub App Usage
2025-02-10 13:20:03.450: [INFO][Sync] Stopped: Edge Tab Group
2025-02-10 13:20:03.450: [INFO][Sync] Stopped: Edge Wallet
2025-02-10 13:20:03.450: [INFO][Sync] SyncState after authenticated was: NotSignedIn
2025-02-10 13:20:03.793: [INFO][Sync] Reset engine, reason: 8
2025-02-10 13:20:03.794: [INFO][Sync] Stopped: Bookmarks
2025-02-10 13:20:03.794: [INFO][Sync] Stopped: Preferences
2025-02-10 13:20:03.794: [INFO][Sync] Stopped: Passwords
2025-02-10 13:20:03.794: [INFO][Sync] Stopped: Autofill Profiles
2025-02-10 13:20:03.794: [INFO][Sync] Stopped: Autofill
2025-02-10 13:20:03.794: [INFO][Sync] Stopped: Extensions
2025-02-10 13:20:03.794: [INFO][Sync] Stopped: Sessions
2025-02-10 13:20:03.794: [INFO][Sync] Stopped: Extension settings
2025-02-10 13:20:03.794: [INFO][Sync] Stopped: History Delete Directives
2025-02-10 13:20:03.794: [INFO][Sync] Stopped: Device Info
2025-02-10 13:20:03.794: [INFO][Sync] Stopped: User Consents
2025-02-10 13:20:03.794: [INFO][Sync] Stopped: Send Tab To Self
2025-02-10 13:20:03.794: [INFO][Sync] Stopped: Web Apps
2025-02-10 13:20:03.794: [INFO][Sync] Stopped: History
2025-02-10 13:20:03.794: [INFO][Sync] Stopped: Collection
2025-02-10 13:20:03.794: [INFO][Sync] Stopped: Edge E Drop
2025-02-10 13:20:03.794: [INFO][Sync] Stopped: Edge Hub App Usage
2025-02-10 13:20:03.794: [INFO][Sync] Stopped: Edge Tab Group
2025-02-10 13:20:03.794: [INFO][Sync] Stopped: Edge Wallet
2025-02-10 13:20:03.979: [INFO][Sync] Try to start sync engine
2025-02-10 13:20:03.980: [INFO][SyncManagerImpl::NudgeForInitialDownload] Initial download nudge for Encryption Keys
2025-02-10 13:20:03.980: [INFO][SyncEngineBackend::LoadAndConnectNigoriController] Load and connect Nigori controller
2025-02-10 13:20:03.980: [INFO][SyncEngineBackend::DoInitialize] Control Types added: Encryption Keys
2025-02-10 13:20:03.980: [INFO][SyncManagerImpl::ConfigureSyncer] Types to download: Encryption Keys with reason: 3
2025-02-10 13:20:03.980: [INFO][SyncSchedulerImpl::DoConfigurationSyncCycleJob] Configure job was blocked
2025-02-10 13:20:04.321: [INFO][SyncAuthManager::SetLastAuthError] Current auth error: None
2025-02-10 13:20:04.321: [INFO][SyncAuthManager::EdgeLogTokenErrorState] Token error with: None for account type: MSA
2025-02-10 13:20:04.321: [INFO][Sync] Credentials changed for: EdgeSyncScopeNew
2025-02-10 13:20:05.315: [INFO][SyncAuthManager::SetLastAuthError] Current auth error: None
2025-02-10 13:20:05.315: [INFO][SyncAuthManager::EdgeLogTokenErrorState] Token error with: None for account type: MSA
2025-02-10 13:20:05.315: [INFO][Sync] Credentials changed for: EdgeSyncKeyDataScope
2025-02-10 13:20:05.316: [INFO][SyncEngineBackend::DoUpdateKeyDataCredentials] Update key data credentials
2025-02-10 13:20:05.316: [INFO][SyncEngineBackend::DoUpdateCredentials] Update credentials
2025-02-10 13:20:05.316: [INFO][SyncSchedulerImpl::DoConfigurationSyncCycleJob] Blocked types:  and types to download: Encryption Keys
2025-02-10 13:20:07.247: [INFO][Sync] Started DataTypeManager configuration, reason: 4
2025-02-10 13:20:07.247: [INFO][Sync] Configuring for: Bookmarks, Preferences, Passwords, Autofill Profiles, Autofill, Extensions, Sessions, Extension settings, History Delete Directives, Device Info, User Consents, Send Tab To Self, Web Apps, History, Collection, Edge E Drop, Edge Hub App Usage, Edge Tab Group, Edge Wallet, Encryption Keys, reason: 3, current state: 0
2025-02-10 13:20:07.249: [INFO][Sync] Configure, desired: Bookmarks, Preferences, Extensions, Sessions, Extension settings, History Delete Directives, Device Info, User Consents, Send Tab To Self, Web Apps, History, Collection, Edge E Drop, Edge Hub App Usage, Edge Tab Group, Edge Wallet, Encryption Keys; Allow fail: Passwords, Autofill Profiles, Autofill
2025-02-10 13:20:07.249: [INFO][Sync] Loading: Bookmarks
2025-02-10 13:20:07.249: [INFO][Sync] Loading: Preferences
2025-02-10 13:20:07.249: [INFO][Sync] Loading: Extensions
2025-02-10 13:20:07.249: [INFO][Sync] Loading: Sessions
2025-02-10 13:20:07.249: [INFO][Sync] Loading: Extension settings
2025-02-10 13:20:07.249: [INFO][Sync] Loading: History Delete Directives
2025-02-10 13:20:07.249: [INFO][Sync] Loading: Device Info
2025-02-10 13:20:07.249: [INFO][Sync] Loading: User Consents
2025-02-10 13:20:07.249: [INFO][Sync] Loading: Send Tab To Self
2025-02-10 13:20:07.249: [INFO][Sync] Loading: Web Apps
2025-02-10 13:20:07.249: [INFO][Sync] Loading: History
2025-02-10 13:20:07.249: [INFO][Sync] Loading: Collection
2025-02-10 13:20:07.249: [INFO][Sync] Loading: Edge E Drop
2025-02-10 13:20:07.249: [INFO][Sync] Loading: Edge Hub App Usage
2025-02-10 13:20:07.249: [INFO][Sync] Loading: Edge Tab Group
2025-02-10 13:20:07.249: [INFO][Sync] Loading: Edge Wallet
2025-02-10 13:20:07.253: [INFO][Sync] All data types are ready for configure.
2025-02-10 13:20:11.098: [INFO][Sync] Started DataTypeManager configuration, reason: 5
2025-02-10 13:20:11.098: [INFO][Sync] Configuring for: Bookmarks, Preferences, Passwords, Autofill Profiles, Autofill, Extensions, Sessions, Extension settings, History Delete Directives, Device Info, User Consents, Send Tab To Self, Web Apps, History, Collection, Edge E Drop, Edge Hub App Usage, Edge Tab Group, Edge Wallet, Encryption Keys, reason: 5, current state: 1
2025-02-10 13:20:11.099: [INFO][SyncEngineBackend::DoStartConfiguration] Start configuration
2025-02-10 13:20:11.099: [INFO][SyncManagerImpl::NudgeForInitialDownload] Initial download nudge for Bookmarks
2025-02-10 13:20:11.099: [INFO][SyncManagerImpl::NudgeForInitialDownload] Initial download nudge for Preferences
2025-02-10 13:20:11.099: [INFO][SyncManagerImpl::NudgeForInitialDownload] Initial download nudge for Extensions
2025-02-10 13:20:11.099: [INFO][SyncManagerImpl::NudgeForInitialDownload] Initial download nudge for Sessions
2025-02-10 13:20:11.099: [INFO][SyncManagerImpl::NudgeForInitialDownload] Initial download nudge for Extension settings
2025-02-10 13:20:11.099: [INFO][SyncManagerImpl::NudgeForInitialDownload] Initial download nudge for History Delete Directives
2025-02-10 13:20:11.099: [INFO][SyncManagerImpl::NudgeForInitialDownload] Initial download nudge for Device Info
2025-02-10 13:20:11.099: [INFO][SyncManagerImpl::NudgeForInitialDownload] Initial download nudge for Send Tab To Self
2025-02-10 13:20:11.099: [INFO][SyncManagerImpl::NudgeForInitialDownload] Initial download nudge for Web Apps
2025-02-10 13:20:11.099: [INFO][SyncManagerImpl::NudgeForInitialDownload] Initial download nudge for History
2025-02-10 13:20:11.099: [INFO][SyncManagerImpl::NudgeForInitialDownload] Initial download nudge for Collection
2025-02-10 13:20:11.099: [INFO][SyncManagerImpl::NudgeForInitialDownload] Initial download nudge for Edge E Drop
2025-02-10 13:20:11.099: [INFO][SyncManagerImpl::NudgeForInitialDownload] Initial download nudge for Edge Hub App Usage
2025-02-10 13:20:11.099: [INFO][SyncManagerImpl::NudgeForInitialDownload] Initial download nudge for Edge Tab Group
2025-02-10 13:20:11.099: [INFO][SyncManagerImpl::NudgeForInitialDownload] Initial download nudge for Edge Wallet
2025-02-10 13:20:11.099: [INFO][SyncManagerImpl::ConfigureSyncer] Types to download:  with reason: 3
2025-02-10 13:20:11.099: [INFO][SyncEngineBackend::DoFinishConfigureDataTypes] Failed to download types:  and succeeded types: 
2025-02-10 13:20:11.101: [INFO][Sync] ConfigurationDone, failed: , succeeded: , remaining count: 4
2025-02-10 13:20:11.101: [WARN][Sync]     Reconfigure requested while configuration ongoing.
2025-02-10 13:20:11.101: [INFO][Sync] Configuring for: Bookmarks, Preferences, Passwords, Autofill Profiles, Autofill, Extensions, Sessions, Extension settings, History Delete Directives, Device Info, User Consents, Send Tab To Self, Web Apps, History, Collection, Edge E Drop, Edge Hub App Usage, Edge Tab Group, Edge Wallet, Encryption Keys, reason: 5, current state: 2
2025-02-10 13:20:11.101: [INFO][Sync] Configure, desired: Bookmarks, Preferences, Passwords, Autofill Profiles, Autofill, Extensions, Sessions, Extension settings, History Delete Directives, Device Info, User Consents, Send Tab To Self, Web Apps, History, Collection, Edge E Drop, Edge Hub App Usage, Edge Tab Group, Edge Wallet, Encryption Keys; Allow fail: 
2025-02-10 13:20:11.101: [INFO][Sync] Loading: Passwords
2025-02-10 13:20:11.101: [INFO][Sync] Loading: Autofill Profiles
2025-02-10 13:20:11.101: [INFO][Sync] Loading: Autofill
2025-02-10 13:20:11.103: [INFO][Sync] All data types are ready for configure.
2025-02-10 13:20:11.103: [INFO][SyncManagerImpl::NudgeForInitialDownload] Initial download nudge for Passwords
2025-02-10 13:20:11.103: [INFO][SyncManagerImpl::NudgeForInitialDownload] Initial download nudge for Autofill Profiles
2025-02-10 13:20:11.104: [INFO][SyncManagerImpl::NudgeForInitialDownload] Initial download nudge for Autofill
2025-02-10 13:20:11.104: [INFO][SyncManagerImpl::ConfigureSyncer] Types to download:  with reason: 5
2025-02-10 13:20:11.104: [INFO][SyncEngineBackend::DoFinishConfigureDataTypes] Failed to download types:  and succeeded types: 
2025-02-10 13:20:11.109: [INFO][Sync] ConfigurationDone, failed: , succeeded: , remaining count: 4
2025-02-10 13:20:11.109: [INFO][Sync] Prepare to configure types: Preferences, Passwords, Device Info, Send Tab To Self, Edge E Drop, Encryption Keys
2025-02-10 13:20:11.110: [INFO][SyncManagerImpl::ConfigureSyncer] Types to download: Preferences, Passwords, Device Info, Send Tab To Self, Edge E Drop, Encryption Keys with reason: 5
2025-02-10 13:20:11.110: [INFO][SyncSchedulerImpl::DoConfigurationSyncCycleJob] Blocked types:  and types to download: Preferences, Passwords, Device Info, Send Tab To Self, Edge E Drop, Encryption Keys
2025-02-10 13:20:20.809: [INFO][SyncEngineBackend::DoFinishConfigureDataTypes] Failed to download types:  and succeeded types: Preferences, Passwords, Device Info, Send Tab To Self, Edge E Drop, Encryption Keys
2025-02-10 13:20:20.839: [INFO][Sync] ConfigurationDone, failed: , succeeded: Preferences, Passwords, Device Info, Send Tab To Self, Edge E Drop, Encryption Keys, remaining count: 3
2025-02-10 13:20:20.839: [INFO][Sync] Prepare to configure types: Bookmarks, Encryption Keys
2025-02-10 13:20:20.839: [INFO][SyncManagerImpl::ConfigureSyncer] Types to download: Bookmarks, Encryption Keys with reason: 5
2025-02-10 13:20:20.839: [INFO][SyncSchedulerImpl::DoConfigurationSyncCycleJob] Blocked types:  and types to download: Bookmarks, Encryption Keys
2025-02-10 13:20:22.368: [INFO][SyncEngineBackend::DoFinishConfigureDataTypes] Failed to download types:  and succeeded types: Bookmarks, Encryption Keys
2025-02-10 13:20:22.388: [INFO][Sync] ConfigurationDone, failed: , succeeded: Bookmarks, Encryption Keys, remaining count: 2
2025-02-10 13:20:22.388: [INFO][Sync] Prepare to configure types: Autofill Profiles, Autofill, Extensions, Sessions, Extension settings, History Delete Directives, Web Apps, Collection, Edge Hub App Usage, Edge Tab Group, Edge Wallet, Encryption Keys
2025-02-10 13:20:22.388: [INFO][SyncManagerImpl::ConfigureSyncer] Types to download: Autofill Profiles, Autofill, Extensions, Sessions, Extension settings, History Delete Directives, Web Apps, Collection, Edge Hub App Usage, Edge Tab Group, Edge Wallet, Encryption Keys with reason: 5
2025-02-10 13:20:22.388: [INFO][SyncSchedulerImpl::DoConfigurationSyncCycleJob] Blocked types:  and types to download: Autofill Profiles, Autofill, Extensions, Sessions, Extension settings, History Delete Directives, Web Apps, Collection, Edge Hub App Usage, Edge Tab Group, Edge Wallet, Encryption Keys
2025-02-10 13:20:32.912: [INFO][Sync] Reset engine, reason: 0
2025-02-10 13:20:32.912: [INFO][Sync] Reset engine with reason: 0
2025-02-10 13:20:32.912: [INFO][SyncSchedulerImpl::OnSyncNetworkError] Syncer error: Network error (ERR_ABORTED)
2025-02-10 13:20:32.912: [INFO][SyncSchedulerImpl::DoConfigurationSyncCycleJob] Syncer error: Success
2025-02-10 13:33:52.782: [INFO][Sync] SyncState after authenticated was: FeatureCanStart
2025-02-10 13:33:53.665: [INFO][Sync] Try to start sync engine
2025-02-10 13:33:53.667: [INFO][SyncManagerImpl::NudgeForInitialDownload] Initial download nudge for Encryption Keys
2025-02-10 13:33:53.667: [INFO][SyncEngineBackend::LoadAndConnectNigoriController] Load and connect Nigori controller
2025-02-10 13:33:53.667: [INFO][SyncEngineBackend::DoInitialize] Control Types added: Encryption Keys
2025-02-10 13:33:53.667: [INFO][SyncManagerImpl::ConfigureSyncer] Types to download: Encryption Keys with reason: 3
2025-02-10 13:33:53.667: [INFO][SyncSchedulerImpl::DoConfigurationSyncCycleJob] Configure job was blocked
2025-02-10 13:33:53.727: [INFO][SyncAuthManager::SetLastAuthError] Current auth error: None
2025-02-10 13:33:53.727: [INFO][SyncAuthManager::EdgeLogTokenErrorState] Token error with: None for account type: MSA
2025-02-10 13:33:53.727: [INFO][Sync] Credentials changed for: EdgeSyncScopeNew
2025-02-10 13:33:55.096: [INFO][SyncAuthManager::SetLastAuthError] Current auth error: None
2025-02-10 13:33:55.096: [INFO][SyncAuthManager::EdgeLogTokenErrorState] Token error with: None for account type: MSA
2025-02-10 13:33:55.096: [INFO][Sync] Credentials changed for: EdgeSyncKeyDataScope
2025-02-10 13:33:55.096: [INFO][SyncEngineBackend::DoUpdateKeyDataCredentials] Update key data credentials
2025-02-10 13:33:55.096: [INFO][SyncEngineBackend::DoUpdateCredentials] Update credentials
2025-02-10 13:33:55.096: [INFO][SyncSchedulerImpl::DoConfigurationSyncCycleJob] Blocked types:  and types to download: Encryption Keys
2025-02-10 13:33:56.032: [INFO][Sync] Started DataTypeManager configuration, reason: 4
2025-02-10 13:33:56.032: [INFO][Sync] Configuring for: Bookmarks, Preferences, Passwords, Autofill Profiles, Autofill, Extensions, Sessions, Extension settings, History Delete Directives, Device Info, User Consents, Send Tab To Self, Web Apps, History, Collection, Edge E Drop, Edge Hub App Usage, Edge Tab Group, Edge Wallet, Encryption Keys, reason: 4, current state: 0
2025-02-10 13:33:56.033: [INFO][Sync] Configure, desired: Bookmarks, Preferences, Extensions, Sessions, Extension settings, History Delete Directives, Device Info, User Consents, Send Tab To Self, Web Apps, History, Collection, Edge E Drop, Edge Hub App Usage, Edge Tab Group, Edge Wallet, Encryption Keys; Allow fail: Passwords, Autofill Profiles, Autofill
2025-02-10 13:33:56.034: [INFO][Sync] Loading: Bookmarks
2025-02-10 13:33:56.034: [INFO][Sync] Loading: Preferences
2025-02-10 13:33:56.034: [INFO][Sync] Loading: Extensions
2025-02-10 13:33:56.034: [INFO][Sync] Loading: Sessions
2025-02-10 13:33:56.034: [INFO][Sync] Loading: Extension settings
2025-02-10 13:33:56.034: [INFO][Sync] Loading: History Delete Directives
2025-02-10 13:33:56.034: [INFO][Sync] Loading: Device Info
2025-02-10 13:33:56.034: [INFO][Sync] Loading: User Consents
2025-02-10 13:33:56.034: [INFO][Sync] Loading: Send Tab To Self
2025-02-10 13:33:56.034: [INFO][Sync] Loading: Web Apps
2025-02-10 13:33:56.034: [INFO][Sync] Loading: History
2025-02-10 13:33:56.034: [INFO][Sync] Loading: Collection
2025-02-10 13:33:56.034: [INFO][Sync] Loading: Edge E Drop
2025-02-10 13:33:56.034: [INFO][Sync] Loading: Edge Hub App Usage
2025-02-10 13:33:56.034: [INFO][Sync] Loading: Edge Tab Group
2025-02-10 13:33:56.034: [INFO][Sync] Loading: Edge Wallet
2025-02-10 13:33:56.040: [INFO][Sync] All data types are ready for configure.
2025-02-10 13:33:57.344: [INFO][SyncEngineBackend::DoStartConfiguration] Start configuration
2025-02-10 13:33:57.345: [INFO][SyncManagerImpl::NudgeForInitialDownload] Initial download nudge for Extensions
2025-02-10 13:33:57.345: [INFO][SyncManagerImpl::NudgeForInitialDownload] Initial download nudge for Sessions
2025-02-10 13:33:57.345: [INFO][SyncManagerImpl::NudgeForInitialDownload] Initial download nudge for Extension settings
2025-02-10 13:33:57.345: [INFO][SyncManagerImpl::NudgeForInitialDownload] Initial download nudge for History Delete Directives
2025-02-10 13:33:57.345: [INFO][SyncManagerImpl::NudgeForInitialDownload] Initial download nudge for Web Apps
2025-02-10 13:33:57.345: [INFO][SyncManagerImpl::NudgeForInitialDownload] Initial download nudge for History
2025-02-10 13:33:57.345: [INFO][SyncManagerImpl::NudgeForInitialDownload] Initial download nudge for Collection
2025-02-10 13:33:57.345: [INFO][SyncManagerImpl::NudgeForInitialDownload] Initial download nudge for Edge Hub App Usage
2025-02-10 13:33:57.345: [INFO][SyncManagerImpl::NudgeForInitialDownload] Initial download nudge for Edge Tab Group
2025-02-10 13:33:57.345: [INFO][SyncManagerImpl::NudgeForInitialDownload] Initial download nudge for Edge Wallet
2025-02-10 13:33:57.345: [INFO][SyncManagerImpl::ConfigureSyncer] Types to download:  with reason: 4
2025-02-10 13:33:57.345: [INFO][SyncEngineBackend::DoFinishConfigureDataTypes] Failed to download types:  and succeeded types: 
2025-02-10 13:33:57.345: [INFO][Sync] Started DataTypeManager configuration, reason: 5
2025-02-10 13:33:57.346: [INFO][Sync] Configuring for: Bookmarks, Preferences, Passwords, Autofill Profiles, Autofill, Extensions, Sessions, Extension settings, History Delete Directives, Device Info, User Consents, Send Tab To Self, Web Apps, History, Collection, Edge E Drop, Edge Hub App Usage, Edge Tab Group, Edge Wallet, Encryption Keys, reason: 5, current state: 1
2025-02-10 13:33:57.349: [INFO][Sync] ConfigurationDone, failed: , succeeded: , remaining count: 4
2025-02-10 13:33:57.349: [WARN][Sync]     Reconfigure requested while configuration ongoing.
2025-02-10 13:33:57.349: [INFO][Sync] Configuring for: Bookmarks, Preferences, Passwords, Autofill Profiles, Autofill, Extensions, Sessions, Extension settings, History Delete Directives, Device Info, User Consents, Send Tab To Self, Web Apps, History, Collection, Edge E Drop, Edge Hub App Usage, Edge Tab Group, Edge Wallet, Encryption Keys, reason: 5, current state: 2
2025-02-10 13:33:57.349: [INFO][Sync] Configure, desired: Bookmarks, Preferences, Passwords, Autofill Profiles, Autofill, Extensions, Sessions, Extension settings, History Delete Directives, Device Info, User Consents, Send Tab To Self, Web Apps, History, Collection, Edge E Drop, Edge Hub App Usage, Edge Tab Group, Edge Wallet, Encryption Keys; Allow fail: 
2025-02-10 13:33:57.349: [INFO][Sync] Loading: Passwords
2025-02-10 13:33:57.349: [INFO][Sync] Loading: Autofill Profiles
2025-02-10 13:33:57.349: [INFO][Sync] Loading: Autofill
2025-02-10 13:33:57.349: [INFO][Sync] All data types are ready for configure.
2025-02-10 13:33:57.349: [INFO][SyncManagerImpl::NudgeForInitialDownload] Initial download nudge for Passwords
2025-02-10 13:33:57.349: [INFO][SyncManagerImpl::NudgeForInitialDownload] Initial download nudge for Autofill Profiles
2025-02-10 13:33:57.349: [INFO][SyncManagerImpl::NudgeForInitialDownload] Initial download nudge for Autofill
2025-02-10 13:33:57.349: [INFO][SyncManagerImpl::ConfigureSyncer] Types to download:  with reason: 5
2025-02-10 13:33:57.349: [INFO][SyncEngineBackend::DoFinishConfigureDataTypes] Failed to download types:  and succeeded types: 
2025-02-10 13:33:57.349: [INFO][Sync] ConfigurationDone, failed: , succeeded: , remaining count: 4
2025-02-10 13:33:57.349: [INFO][Sync] Prepare to configure types: Passwords, Encryption Keys
2025-02-10 13:33:57.349: [INFO][SyncManagerImpl::ConfigureSyncer] Types to download: Passwords, Encryption Keys with reason: 5
2025-02-10 13:33:57.349: [INFO][SyncSchedulerImpl::DoConfigurationSyncCycleJob] Blocked types:  and types to download: Passwords, Encryption Keys
2025-02-10 13:33:58.054: [INFO][SyncEngineBackend::DoFinishConfigureDataTypes] Failed to download types:  and succeeded types: Passwords, Encryption Keys
2025-02-10 13:33:58.056: [INFO][Sync] ConfigurationDone, failed: , succeeded: Passwords, Encryption Keys, remaining count: 3
2025-02-10 13:33:58.056: [INFO][SyncManagerImpl::ConfigureSyncer] Types to download:  with reason: 5
2025-02-10 13:33:58.056: [INFO][SyncEngineBackend::DoFinishConfigureDataTypes] Failed to download types:  and succeeded types: 
2025-02-10 13:33:58.056: [INFO][Sync] ConfigurationDone, failed: , succeeded: , remaining count: 2
2025-02-10 13:33:58.056: [INFO][Sync] Prepare to configure types: Autofill Profiles, Autofill, Extensions, Sessions, Extension settings, History Delete Directives, Web Apps, Collection, Edge Hub App Usage, Edge Tab Group, Edge Wallet, Encryption Keys
2025-02-10 13:33:58.056: [INFO][SyncManagerImpl::ConfigureSyncer] Types to download: Autofill Profiles, Autofill, Extensions, Sessions, Extension settings, History Delete Directives, Web Apps, Collection, Edge Hub App Usage, Edge Tab Group, Edge Wallet, Encryption Keys with reason: 5
2025-02-10 13:33:58.056: [INFO][SyncSchedulerImpl::DoConfigurationSyncCycleJob] Blocked types:  and types to download: Autofill Profiles, Autofill, Extensions, Sessions, Extension settings, History Delete Directives, Web Apps, Collection, Edge Hub App Usage, Edge Tab Group, Edge Wallet, Encryption Keys
2025-02-10 13:35:03.043: [INFO][SyncEngineBackend::DoFinishConfigureDataTypes] Failed to download types:  and succeeded types: Autofill Profiles, Autofill, Extensions, Sessions, Extension settings, History Delete Directives, Web Apps, Collection, Edge Hub App Usage, Edge Tab Group, Edge Wallet, Encryption Keys
2025-02-10 13:35:03.063: [INFO][Sync] ConfigurationDone, failed: , succeeded: Autofill Profiles, Autofill, Extensions, Sessions, Extension settings, History Delete Directives, Web Apps, Collection, Edge Hub App Usage, Edge Tab Group, Edge Wallet, Encryption Keys, remaining count: 1
2025-02-10 13:35:03.066: [INFO][Sync] Prepare to configure types: History, Encryption Keys
2025-02-10 13:35:03.066: [INFO][SyncManagerImpl::ConfigureSyncer] Types to download: History, Encryption Keys with reason: 5
2025-02-10 13:35:03.066: [INFO][SyncSchedulerImpl::DoConfigurationSyncCycleJob] Blocked types:  and types to download: History, Encryption Keys
2025-02-10 13:35:24.037: [INFO][SyncEngineBackend::DoFinishConfigureDataTypes] Failed to download types:  and succeeded types: History, Encryption Keys
2025-02-10 13:35:24.105: [INFO][Sync] ConfigurationDone, failed: , succeeded: History, Encryption Keys, remaining count: 0
2025-02-10 13:35:24.156: [INFO][Sync]     Configuration completed, state: 7
2025-02-10 13:35:24.157: [INFO][Sync] Configured DataTypeManager: Ok
2025-02-10 13:35:24.221: [INFO][SyncEngineBackend::DoStartSyncing] Start syncing
2025-02-10 13:43:15.607: [INFO][Sync] Reset engine, reason: 0
2025-02-10 13:43:15.607: [INFO][Sync] Reset engine with reason: 0
2025-02-10 20:27:52.899: [INFO][Sync] SyncState after authenticated was: FeatureCanStart
2025-02-10 20:27:53.444: [INFO][Sync] Try to start sync engine
2025-02-10 20:27:53.446: [INFO][SyncManagerImpl::NudgeForInitialDownload] Initial download nudge for Encryption Keys
2025-02-10 20:27:53.446: [INFO][SyncEngineBackend::LoadAndConnectNigoriController] Load and connect Nigori controller
2025-02-10 20:27:53.446: [INFO][SyncEngineBackend::DoInitialize] Control Types added: Encryption Keys
2025-02-10 20:27:53.446: [INFO][SyncManagerImpl::ConfigureSyncer] Types to download: Encryption Keys with reason: 3
2025-02-10 20:27:53.446: [INFO][SyncSchedulerImpl::DoConfigurationSyncCycleJob] Configure job was blocked
2025-02-10 20:27:53.474: [INFO][SyncAuthManager::SetLastAuthError] Current auth error: None
2025-02-10 20:27:53.474: [INFO][SyncAuthManager::EdgeLogTokenErrorState] Token error with: None for account type: MSA
2025-02-10 20:27:53.474: [INFO][Sync] Credentials changed for: EdgeSyncScopeNew
2025-02-10 20:27:54.383: [INFO][SyncAuthManager::SetLastAuthError] Current auth error: None
2025-02-10 20:27:54.383: [INFO][SyncAuthManager::EdgeLogTokenErrorState] Token error with: None for account type: MSA
2025-02-10 20:27:54.383: [INFO][Sync] Credentials changed for: EdgeSyncKeyDataScope
2025-02-10 20:27:54.383: [INFO][SyncEngineBackend::DoUpdateKeyDataCredentials] Update key data credentials
2025-02-10 20:27:54.384: [INFO][SyncEngineBackend::DoUpdateCredentials] Update credentials
2025-02-10 20:27:54.384: [INFO][SyncSchedulerImpl::DoConfigurationSyncCycleJob] Blocked types:  and types to download: Encryption Keys
2025-02-10 20:27:54.997: [INFO][Sync] Started DataTypeManager configuration, reason: 4
2025-02-10 20:27:54.997: [INFO][Sync] Configuring for: Bookmarks, Preferences, Passwords, Autofill Profiles, Autofill, Extensions, Sessions, Extension settings, History Delete Directives, Device Info, User Consents, Send Tab To Self, Web Apps, History, Collection, Edge E Drop, Edge Hub App Usage, Edge Tab Group, Edge Wallet, Encryption Keys, reason: 4, current state: 0
2025-02-10 20:27:55.011: [INFO][Sync] Configure, desired: Bookmarks, Preferences, Extensions, Sessions, Extension settings, History Delete Directives, Device Info, User Consents, Send Tab To Self, Web Apps, History, Collection, Edge E Drop, Edge Hub App Usage, Edge Tab Group, Edge Wallet, Encryption Keys; Allow fail: Passwords, Autofill Profiles, Autofill
2025-02-10 20:27:55.011: [INFO][Sync] Loading: Bookmarks
2025-02-10 20:27:55.011: [INFO][Sync] Loading: Preferences
2025-02-10 20:27:55.011: [INFO][Sync] Loading: Extensions
2025-02-10 20:27:55.012: [INFO][Sync] Loading: Sessions
2025-02-10 20:27:55.012: [INFO][Sync] Loading: Extension settings
2025-02-10 20:27:55.012: [INFO][Sync] Loading: History Delete Directives
2025-02-10 20:27:55.012: [INFO][Sync] Loading: Device Info
2025-02-10 20:27:55.012: [INFO][Sync] Loading: User Consents
2025-02-10 20:27:55.012: [INFO][Sync] Loading: Send Tab To Self
2025-02-10 20:27:55.012: [INFO][Sync] Loading: Web Apps
2025-02-10 20:27:55.012: [INFO][Sync] Loading: History
2025-02-10 20:27:55.012: [INFO][Sync] Loading: Collection
2025-02-10 20:27:55.012: [INFO][Sync] Loading: Edge E Drop
2025-02-10 20:27:55.012: [INFO][Sync] Loading: Edge Hub App Usage
2025-02-10 20:27:55.012: [INFO][Sync] Loading: Edge Tab Group
2025-02-10 20:27:55.012: [INFO][Sync] Loading: Edge Wallet
2025-02-10 20:27:55.030: [INFO][Sync] All data types are ready for configure.
2025-02-10 20:27:55.765: [INFO][SyncEngineBackend::DoStartConfiguration] Start configuration
2025-02-10 20:27:55.765: [INFO][SyncManagerImpl::ConfigureSyncer] Types to download:  with reason: 4
2025-02-10 20:27:55.765: [INFO][SyncEngineBackend::DoFinishConfigureDataTypes] Failed to download types:  and succeeded types: 
2025-02-10 20:27:55.772: [INFO][Sync] Started DataTypeManager configuration, reason: 5
2025-02-10 20:27:55.772: [INFO][Sync] Configuring for: Bookmarks, Preferences, Passwords, Autofill Profiles, Autofill, Extensions, Sessions, Extension settings, History Delete Directives, Device Info, User Consents, Send Tab To Self, Web Apps, History, Collection, Edge E Drop, Edge Hub App Usage, Edge Tab Group, Edge Wallet, Encryption Keys, reason: 5, current state: 1
2025-02-10 20:27:55.783: [INFO][Sync] ConfigurationDone, failed: , succeeded: , remaining count: 4
2025-02-10 20:27:55.783: [WARN][Sync]     Reconfigure requested while configuration ongoing.
2025-02-10 20:27:55.783: [INFO][Sync] Configuring for: Bookmarks, Preferences, Passwords, Autofill Profiles, Autofill, Extensions, Sessions, Extension settings, History Delete Directives, Device Info, User Consents, Send Tab To Self, Web Apps, History, Collection, Edge E Drop, Edge Hub App Usage, Edge Tab Group, Edge Wallet, Encryption Keys, reason: 5, current state: 2
2025-02-10 20:27:55.783: [INFO][Sync] Configure, desired: Bookmarks, Preferences, Passwords, Autofill Profiles, Autofill, Extensions, Sessions, Extension settings, History Delete Directives, Device Info, User Consents, Send Tab To Self, Web Apps, History, Collection, Edge E Drop, Edge Hub App Usage, Edge Tab Group, Edge Wallet, Encryption Keys; Allow fail: 
2025-02-10 20:27:55.783: [INFO][Sync] Loading: Passwords
2025-02-10 20:27:55.783: [INFO][Sync] Loading: Autofill Profiles
2025-02-10 20:27:55.783: [INFO][Sync] Loading: Autofill
2025-02-10 20:27:55.783: [INFO][Sync] All data types are ready for configure.
2025-02-10 20:27:55.783: [INFO][SyncManagerImpl::NudgeForInitialDownload] Initial download nudge for Passwords
2025-02-10 20:27:55.783: [INFO][SyncManagerImpl::ConfigureSyncer] Types to download:  with reason: 5
2025-02-10 20:27:55.783: [INFO][SyncEngineBackend::DoFinishConfigureDataTypes] Failed to download types:  and succeeded types: 
2025-02-10 20:27:55.785: [INFO][Sync] ConfigurationDone, failed: , succeeded: , remaining count: 4
2025-02-10 20:27:55.785: [INFO][Sync] Prepare to configure types: Passwords, Encryption Keys
2025-02-10 20:27:55.785: [INFO][SyncManagerImpl::ConfigureSyncer] Types to download: Passwords, Encryption Keys with reason: 5
2025-02-10 20:27:55.785: [INFO][SyncSchedulerImpl::DoConfigurationSyncCycleJob] Blocked types:  and types to download: Passwords, Encryption Keys
2025-02-10 20:27:56.196: [INFO][SyncEngineBackend::DoFinishConfigureDataTypes] Failed to download types:  and succeeded types: Passwords, Encryption Keys
2025-02-10 20:27:56.208: [INFO][Sync] ConfigurationDone, failed: , succeeded: Passwords, Encryption Keys, remaining count: 3
2025-02-10 20:27:56.208: [INFO][SyncManagerImpl::ConfigureSyncer] Types to download:  with reason: 5
2025-02-10 20:27:56.208: [INFO][SyncEngineBackend::DoFinishConfigureDataTypes] Failed to download types:  and succeeded types: 
2025-02-10 20:27:56.208: [INFO][Sync] ConfigurationDone, failed: , succeeded: , remaining count: 2
2025-02-10 20:27:56.208: [INFO][SyncManagerImpl::ConfigureSyncer] Types to download:  with reason: 5
2025-02-10 20:27:56.208: [INFO][SyncEngineBackend::DoFinishConfigureDataTypes] Failed to download types:  and succeeded types: 
2025-02-10 20:27:56.210: [INFO][Sync] ConfigurationDone, failed: , succeeded: , remaining count: 1
2025-02-10 20:27:56.221: [INFO][SyncManagerImpl::ConfigureSyncer] Types to download:  with reason: 5
2025-02-10 20:27:56.221: [INFO][SyncEngineBackend::DoFinishConfigureDataTypes] Failed to download types:  and succeeded types: 
2025-02-10 20:27:56.221: [INFO][Sync] ConfigurationDone, failed: , succeeded: , remaining count: 0
2025-02-10 20:27:56.232: [INFO][Sync]     Configuration completed, state: 7
2025-02-10 20:27:56.232: [INFO][Sync] Configured DataTypeManager: Ok
2025-02-10 20:27:56.242: [INFO][SyncEngineBackend::DoStartSyncing] Start syncing
2025-02-10 20:42:17.206: [INFO][Sync] SyncState after authenticated was: FeatureCanStart
2025-02-10 20:42:18.089: [INFO][Sync] Try to start sync engine
2025-02-10 20:42:18.090: [INFO][SyncManagerImpl::NudgeForInitialDownload] Initial download nudge for Encryption Keys
2025-02-10 20:42:18.090: [INFO][SyncEngineBackend::LoadAndConnectNigoriController] Load and connect Nigori controller
2025-02-10 20:42:18.090: [INFO][SyncEngineBackend::DoInitialize] Control Types added: Encryption Keys
2025-02-10 20:42:18.090: [INFO][SyncManagerImpl::ConfigureSyncer] Types to download: Encryption Keys with reason: 3
2025-02-10 20:42:18.090: [INFO][SyncSchedulerImpl::DoConfigurationSyncCycleJob] Configure job was blocked
2025-02-10 20:42:18.113: [INFO][SyncAuthManager::SetLastAuthError] Current auth error: None
2025-02-10 20:42:18.113: [INFO][SyncAuthManager::EdgeLogTokenErrorState] Token error with: None for account type: MSA
2025-02-10 20:42:18.113: [INFO][Sync] Credentials changed for: EdgeSyncScopeNew
2025-02-10 20:42:18.587: [INFO][SyncAuthManager::SetLastAuthError] Current auth error: None
2025-02-10 20:42:18.587: [INFO][SyncAuthManager::EdgeLogTokenErrorState] Token error with: None for account type: MSA
2025-02-10 20:42:18.587: [INFO][Sync] Credentials changed for: EdgeSyncKeyDataScope
2025-02-10 20:42:18.588: [INFO][SyncEngineBackend::DoUpdateKeyDataCredentials] Update key data credentials
2025-02-10 20:42:18.588: [INFO][SyncEngineBackend::DoUpdateCredentials] Update credentials
2025-02-10 20:42:18.588: [INFO][SyncSchedulerImpl::DoConfigurationSyncCycleJob] Blocked types:  and types to download: Encryption Keys
2025-02-10 20:42:19.001: [INFO][Sync] Started DataTypeManager configuration, reason: 4
2025-02-10 20:42:19.001: [INFO][Sync] Configuring for: Bookmarks, Preferences, Passwords, Autofill Profiles, Autofill, Extensions, Sessions, Extension settings, History Delete Directives, Device Info, User Consents, Send Tab To Self, Web Apps, History, Collection, Edge E Drop, Edge Hub App Usage, Edge Tab Group, Edge Wallet, Encryption Keys, reason: 4, current state: 0
2025-02-10 20:42:19.021: [INFO][Sync] Configure, desired: Bookmarks, Preferences, Extensions, Sessions, Extension settings, History Delete Directives, Device Info, User Consents, Send Tab To Self, Web Apps, History, Collection, Edge E Drop, Edge Hub App Usage, Edge Tab Group, Edge Wallet, Encryption Keys; Allow fail: Passwords, Autofill Profiles, Autofill
2025-02-10 20:42:19.021: [INFO][Sync] Loading: Bookmarks
2025-02-10 20:42:19.021: [INFO][Sync] Loading: Preferences
2025-02-10 20:42:19.021: [INFO][Sync] Loading: Extensions
2025-02-10 20:42:19.021: [INFO][Sync] Loading: Sessions
2025-02-10 20:42:19.021: [INFO][Sync] Loading: Extension settings
2025-02-10 20:42:19.021: [INFO][Sync] Loading: History Delete Directives
2025-02-10 20:42:19.021: [INFO][Sync] Loading: Device Info
2025-02-10 20:42:19.021: [INFO][Sync] Loading: User Consents
2025-02-10 20:42:19.021: [INFO][Sync] Loading: Send Tab To Self
2025-02-10 20:42:19.021: [INFO][Sync] Loading: Web Apps
2025-02-10 20:42:19.021: [INFO][Sync] Loading: History
2025-02-10 20:42:19.021: [INFO][Sync] Loading: Collection
2025-02-10 20:42:19.021: [INFO][Sync] Loading: Edge E Drop
2025-02-10 20:42:19.021: [INFO][Sync] Loading: Edge Hub App Usage
2025-02-10 20:42:19.021: [INFO][Sync] Loading: Edge Tab Group
2025-02-10 20:42:19.021: [INFO][Sync] Loading: Edge Wallet
2025-02-10 20:42:19.043: [INFO][Sync] All data types are ready for configure.
2025-02-10 20:42:19.711: [INFO][SyncEngineBackend::DoStartConfiguration] Start configuration
2025-02-10 20:42:19.712: [INFO][SyncManagerImpl::ConfigureSyncer] Types to download:  with reason: 4
2025-02-10 20:42:19.712: [INFO][SyncEngineBackend::DoFinishConfigureDataTypes] Failed to download types:  and succeeded types: 
2025-02-10 20:42:19.722: [INFO][Sync] Started DataTypeManager configuration, reason: 5
2025-02-10 20:42:19.722: [INFO][Sync] Configuring for: Bookmarks, Preferences, Passwords, Autofill Profiles, Autofill, Extensions, Sessions, Extension settings, History Delete Directives, Device Info, User Consents, Send Tab To Self, Web Apps, History, Collection, Edge E Drop, Edge Hub App Usage, Edge Tab Group, Edge Wallet, Encryption Keys, reason: 5, current state: 1
2025-02-10 20:42:19.739: [INFO][Sync] ConfigurationDone, failed: , succeeded: , remaining count: 4
2025-02-10 20:42:19.739: [WARN][Sync]     Reconfigure requested while configuration ongoing.
2025-02-10 20:42:19.739: [INFO][Sync] Configuring for: Bookmarks, Preferences, Passwords, Autofill Profiles, Autofill, Extensions, Sessions, Extension settings, History Delete Directives, Device Info, User Consents, Send Tab To Self, Web Apps, History, Collection, Edge E Drop, Edge Hub App Usage, Edge Tab Group, Edge Wallet, Encryption Keys, reason: 5, current state: 2
2025-02-10 20:42:19.739: [INFO][Sync] Configure, desired: Bookmarks, Preferences, Passwords, Autofill Profiles, Autofill, Extensions, Sessions, Extension settings, History Delete Directives, Device Info, User Consents, Send Tab To Self, Web Apps, History, Collection, Edge E Drop, Edge Hub App Usage, Edge Tab Group, Edge Wallet, Encryption Keys; Allow fail: 
2025-02-10 20:42:19.739: [INFO][Sync] Loading: Passwords
2025-02-10 20:42:19.739: [INFO][Sync] Loading: Autofill Profiles
2025-02-10 20:42:19.739: [INFO][Sync] Loading: Autofill
2025-02-10 20:42:19.739: [INFO][Sync] All data types are ready for configure.
2025-02-10 20:42:19.739: [INFO][SyncManagerImpl::NudgeForInitialDownload] Initial download nudge for Passwords
2025-02-10 20:42:19.739: [INFO][SyncManagerImpl::ConfigureSyncer] Types to download:  with reason: 5
2025-02-10 20:42:19.739: [INFO][SyncEngineBackend::DoFinishConfigureDataTypes] Failed to download types:  and succeeded types: 
2025-02-10 20:42:19.740: [INFO][Sync] ConfigurationDone, failed: , succeeded: , remaining count: 4
2025-02-10 20:42:19.740: [INFO][Sync] Prepare to configure types: Passwords, Encryption Keys
2025-02-10 20:42:19.740: [INFO][SyncManagerImpl::ConfigureSyncer] Types to download: Passwords, Encryption Keys with reason: 5
2025-02-10 20:42:19.740: [INFO][SyncSchedulerImpl::DoConfigurationSyncCycleJob] Blocked types:  and types to download: Passwords, Encryption Keys
2025-02-10 20:42:20.036: [INFO][SyncEngineBackend::DoFinishConfigureDataTypes] Failed to download types:  and succeeded types: Passwords, Encryption Keys
2025-02-10 20:42:20.052: [INFO][Sync] ConfigurationDone, failed: , succeeded: Passwords, Encryption Keys, remaining count: 3
2025-02-10 20:42:20.052: [INFO][SyncManagerImpl::ConfigureSyncer] Types to download:  with reason: 5
2025-02-10 20:42:20.052: [INFO][SyncEngineBackend::DoFinishConfigureDataTypes] Failed to download types:  and succeeded types: 
2025-02-10 20:42:20.052: [INFO][Sync] ConfigurationDone, failed: , succeeded: , remaining count: 2
2025-02-10 20:42:20.053: [INFO][SyncManagerImpl::ConfigureSyncer] Types to download:  with reason: 5
2025-02-10 20:42:20.053: [INFO][SyncEngineBackend::DoFinishConfigureDataTypes] Failed to download types:  and succeeded types: 
2025-02-10 20:42:20.055: [INFO][Sync] ConfigurationDone, failed: , succeeded: , remaining count: 1
2025-02-10 20:42:20.070: [INFO][SyncManagerImpl::ConfigureSyncer] Types to download:  with reason: 5
2025-02-10 20:42:20.070: [INFO][SyncEngineBackend::DoFinishConfigureDataTypes] Failed to download types:  and succeeded types: 
2025-02-10 20:42:20.070: [INFO][Sync] ConfigurationDone, failed: , succeeded: , remaining count: 0
2025-02-10 20:42:20.084: [INFO][Sync]     Configuration completed, state: 7
2025-02-10 20:42:20.084: [INFO][Sync] Configured DataTypeManager: Ok
2025-02-10 20:42:20.097: [INFO][SyncEngineBackend::DoStartSyncing] Start syncing
